<?xml version="1.0" encoding="UTF-8" ?>
<testsuite errors="0" failures="73" hostname="MBJL7V6TV54K" name="org.bluezoo.gonzalez.JamesClarkXmlTestConformanceTest" skipped="0" tests="364" time="0.197" timestamp="2025-11-19T23:11:58">
  <properties>
[...]
</properties>
  <testcase classname="org.bluezoo.gonzalez.JamesClarkXmlTestConformanceTest" name="runTest[not-wf-sa-001 (not-wf)]" time="0.007" />
  <testcase classname="org.bluezoo.gonzalez.JamesClarkXmlTestConformanceTest" name="runTest[not-wf-sa-002 (not-wf)]" time="0.0" />
  <testcase classname="org.bluezoo.gonzalez.JamesClarkXmlTestConformanceTest" name="runTest[not-wf-sa-003 (not-wf)]" time="0.0" />
  <testcase classname="org.bluezoo.gonzalez.JamesClarkXmlTestConformanceTest" name="runTest[not-wf-sa-004 (not-wf)]" time="0.001" />
  <testcase classname="org.bluezoo.gonzalez.JamesClarkXmlTestConformanceTest" name="runTest[not-wf-sa-005 (not-wf)]" time="0.001" />
  <testcase classname="org.bluezoo.gonzalez.JamesClarkXmlTestConformanceTest" name="runTest[not-wf-sa-006 (not-wf)]" time="0.0" />
  <testcase classname="org.bluezoo.gonzalez.JamesClarkXmlTestConformanceTest" name="runTest[not-wf-sa-007 (not-wf)]" time="0.0" />
  <testcase classname="org.bluezoo.gonzalez.JamesClarkXmlTestConformanceTest" name="runTest[not-wf-sa-008 (not-wf)]" time="0.001" />
  <testcase classname="org.bluezoo.gonzalez.JamesClarkXmlTestConformanceTest" name="runTest[not-wf-sa-009 (not-wf)]" time="0.0" />
  <testcase classname="org.bluezoo.gonzalez.JamesClarkXmlTestConformanceTest" name="runTest[not-wf-sa-010 (not-wf)]" time="0.001" />
  <testcase classname="org.bluezoo.gonzalez.JamesClarkXmlTestConformanceTest" name="runTest[not-wf-sa-011 (not-wf)]" time="0.001" />
  <testcase classname="org.bluezoo.gonzalez.JamesClarkXmlTestConformanceTest" name="runTest[not-wf-sa-012 (not-wf)]" time="0.0" />
  <testcase classname="org.bluezoo.gonzalez.JamesClarkXmlTestConformanceTest" name="runTest[not-wf-sa-013 (not-wf)]" time="0.0" />
  <testcase classname="org.bluezoo.gonzalez.JamesClarkXmlTestConformanceTest" name="runTest[not-wf-sa-014 (not-wf)]" time="0.0" />
  <testcase classname="org.bluezoo.gonzalez.JamesClarkXmlTestConformanceTest" name="runTest[not-wf-sa-015 (not-wf)]" time="0.001" />
  <testcase classname="org.bluezoo.gonzalez.JamesClarkXmlTestConformanceTest" name="runTest[not-wf-sa-016 (not-wf)]" time="0.001" />
  <testcase classname="org.bluezoo.gonzalez.JamesClarkXmlTestConformanceTest" name="runTest[not-wf-sa-017 (not-wf)]" time="0.0" />
  <testcase classname="org.bluezoo.gonzalez.JamesClarkXmlTestConformanceTest" name="runTest[not-wf-sa-018 (not-wf)]" time="0.001" />
  <testcase classname="org.bluezoo.gonzalez.JamesClarkXmlTestConformanceTest" name="runTest[not-wf-sa-019 (not-wf)]" time="0.002" />
  <testcase classname="org.bluezoo.gonzalez.JamesClarkXmlTestConformanceTest" name="runTest[not-wf-sa-020 (not-wf)]" time="0.0" />
  <testcase classname="org.bluezoo.gonzalez.JamesClarkXmlTestConformanceTest" name="runTest[not-wf-sa-021 (not-wf)]" time="0.001" />
  <testcase classname="org.bluezoo.gonzalez.JamesClarkXmlTestConformanceTest" name="runTest[not-wf-sa-022 (not-wf)]" time="0.0" />
  <testcase classname="org.bluezoo.gonzalez.JamesClarkXmlTestConformanceTest" name="runTest[not-wf-sa-023 (not-wf)]" time="0.0" />
  <testcase classname="org.bluezoo.gonzalez.JamesClarkXmlTestConformanceTest" name="runTest[not-wf-sa-024 (not-wf)]" time="0.0" />
  <testcase classname="org.bluezoo.gonzalez.JamesClarkXmlTestConformanceTest" name="runTest[not-wf-sa-025 (not-wf)]" time="0.0" />
  <testcase classname="org.bluezoo.gonzalez.JamesClarkXmlTestConformanceTest" name="runTest[not-wf-sa-026 (not-wf)]" time="0.0" />
  <testcase classname="org.bluezoo.gonzalez.JamesClarkXmlTestConformanceTest" name="runTest[not-wf-sa-027 (not-wf)]" time="0.0" />
  <testcase classname="org.bluezoo.gonzalez.JamesClarkXmlTestConformanceTest" name="runTest[not-wf-sa-028 (not-wf)]" time="0.001" />
  <testcase classname="org.bluezoo.gonzalez.JamesClarkXmlTestConformanceTest" name="runTest[not-wf-sa-029 (not-wf)]" time="0.0" />
  <testcase classname="org.bluezoo.gonzalez.JamesClarkXmlTestConformanceTest" name="runTest[not-wf-sa-030 (not-wf)]" time="0.0" />
  <testcase classname="org.bluezoo.gonzalez.JamesClarkXmlTestConformanceTest" name="runTest[not-wf-sa-031 (not-wf)]" time="0.001" />
  <testcase classname="org.bluezoo.gonzalez.JamesClarkXmlTestConformanceTest" name="runTest[not-wf-sa-032 (not-wf)]" time="0.0" />
  <testcase classname="org.bluezoo.gonzalez.JamesClarkXmlTestConformanceTest" name="runTest[not-wf-sa-033 (not-wf)]" time="0.0" />
  <testcase classname="org.bluezoo.gonzalez.JamesClarkXmlTestConformanceTest" name="runTest[not-wf-sa-034 (not-wf)]" time="0.0" />
  <testcase classname="org.bluezoo.gonzalez.JamesClarkXmlTestConformanceTest" name="runTest[not-wf-sa-035 (not-wf)]" time="0.001" />
  <testcase classname="org.bluezoo.gonzalez.JamesClarkXmlTestConformanceTest" name="runTest[not-wf-sa-036 (not-wf)]" time="0.0" />
  <testcase classname="org.bluezoo.gonzalez.JamesClarkXmlTestConformanceTest" name="runTest[not-wf-sa-037 (not-wf)]" time="0.0" />
  <testcase classname="org.bluezoo.gonzalez.JamesClarkXmlTestConformanceTest" name="runTest[not-wf-sa-038 (not-wf)]" time="0.0" />
  <testcase classname="org.bluezoo.gonzalez.JamesClarkXmlTestConformanceTest" name="runTest[not-wf-sa-039 (not-wf)]" time="0.002" />
  <testcase classname="org.bluezoo.gonzalez.JamesClarkXmlTestConformanceTest" name="runTest[not-wf-sa-040 (not-wf)]" time="0.001" />
  <testcase classname="org.bluezoo.gonzalez.JamesClarkXmlTestConformanceTest" name="runTest[not-wf-sa-041 (not-wf)]" time="0.0" />
  <testcase classname="org.bluezoo.gonzalez.JamesClarkXmlTestConformanceTest" name="runTest[not-wf-sa-042 (not-wf)]" time="0.0" />
  <testcase classname="org.bluezoo.gonzalez.JamesClarkXmlTestConformanceTest" name="runTest[not-wf-sa-043 (not-wf)]" time="0.0" />
  <testcase classname="org.bluezoo.gonzalez.JamesClarkXmlTestConformanceTest" name="runTest[not-wf-sa-044 (not-wf)]" time="0.0" />
  <testcase classname="org.bluezoo.gonzalez.JamesClarkXmlTestConformanceTest" name="runTest[not-wf-sa-045 (not-wf)]" time="0.0" />
  <testcase classname="org.bluezoo.gonzalez.JamesClarkXmlTestConformanceTest" name="runTest[not-wf-sa-046 (not-wf)]" time="0.0" />
  <testcase classname="org.bluezoo.gonzalez.JamesClarkXmlTestConformanceTest" name="runTest[not-wf-sa-047 (not-wf)]" time="0.001" />
  <testcase classname="org.bluezoo.gonzalez.JamesClarkXmlTestConformanceTest" name="runTest[not-wf-sa-048 (not-wf)]" time="0.0" />
  <testcase classname="org.bluezoo.gonzalez.JamesClarkXmlTestConformanceTest" name="runTest[not-wf-sa-049 (not-wf)]" time="0.0" />
  <testcase classname="org.bluezoo.gonzalez.JamesClarkXmlTestConformanceTest" name="runTest[not-wf-sa-050 (not-wf)]" time="0.0" />
  <testcase classname="org.bluezoo.gonzalez.JamesClarkXmlTestConformanceTest" name="runTest[not-wf-sa-051 (not-wf)]" time="0.001" />
  <testcase classname="org.bluezoo.gonzalez.JamesClarkXmlTestConformanceTest" name="runTest[not-wf-sa-052 (not-wf)]" time="0.0" />
  <testcase classname="org.bluezoo.gonzalez.JamesClarkXmlTestConformanceTest" name="runTest[not-wf-sa-053 (not-wf)]" time="0.0" />
  <testcase classname="org.bluezoo.gonzalez.JamesClarkXmlTestConformanceTest" name="runTest[not-wf-sa-054 (not-wf)]" time="0.003" />
  <testcase classname="org.bluezoo.gonzalez.JamesClarkXmlTestConformanceTest" name="runTest[not-wf-sa-055 (not-wf)]" time="0.0" />
  <testcase classname="org.bluezoo.gonzalez.JamesClarkXmlTestConformanceTest" name="runTest[not-wf-sa-056 (not-wf)]" time="0.0" />
  <testcase classname="org.bluezoo.gonzalez.JamesClarkXmlTestConformanceTest" name="runTest[not-wf-sa-057 (not-wf)]" time="0.0" />
  <testcase classname="org.bluezoo.gonzalez.JamesClarkXmlTestConformanceTest" name="runTest[not-wf-sa-058 (not-wf)]" time="0.001" />
  <testcase classname="org.bluezoo.gonzalez.JamesClarkXmlTestConformanceTest" name="runTest[not-wf-sa-059 (not-wf)]" time="0.001" />
  <testcase classname="org.bluezoo.gonzalez.JamesClarkXmlTestConformanceTest" name="runTest[not-wf-sa-060 (not-wf)]" time="0.0" />
  <testcase classname="org.bluezoo.gonzalez.JamesClarkXmlTestConformanceTest" name="runTest[not-wf-sa-061 (not-wf)]" time="0.0" />
  <testcase classname="org.bluezoo.gonzalez.JamesClarkXmlTestConformanceTest" name="runTest[not-wf-sa-062 (not-wf)]" time="0.0" />
  <testcase classname="org.bluezoo.gonzalez.JamesClarkXmlTestConformanceTest" name="runTest[not-wf-sa-063 (not-wf)]" time="0.0" />
  <testcase classname="org.bluezoo.gonzalez.JamesClarkXmlTestConformanceTest" name="runTest[not-wf-sa-064 (not-wf)]" time="0.0" />
  <testcase classname="org.bluezoo.gonzalez.JamesClarkXmlTestConformanceTest" name="runTest[not-wf-sa-065 (not-wf)]" time="0.0" />
  <testcase classname="org.bluezoo.gonzalez.JamesClarkXmlTestConformanceTest" name="runTest[not-wf-sa-066 (not-wf)]" time="0.001" />
  <testcase classname="org.bluezoo.gonzalez.JamesClarkXmlTestConformanceTest" name="runTest[not-wf-sa-067 (not-wf)]" time="0.0" />
  <testcase classname="org.bluezoo.gonzalez.JamesClarkXmlTestConformanceTest" name="runTest[not-wf-sa-068 (not-wf)]" time="0.0" />
  <testcase classname="org.bluezoo.gonzalez.JamesClarkXmlTestConformanceTest" name="runTest[not-wf-sa-069 (not-wf)]" time="0.001" />
  <testcase classname="org.bluezoo.gonzalez.JamesClarkXmlTestConformanceTest" name="runTest[not-wf-sa-070 (not-wf)]" time="0.0" />
  <testcase classname="org.bluezoo.gonzalez.JamesClarkXmlTestConformanceTest" name="runTest[not-wf-sa-071 (not-wf)]" time="0.001" />
  <testcase classname="org.bluezoo.gonzalez.JamesClarkXmlTestConformanceTest" name="runTest[not-wf-sa-072 (not-wf)]" time="0.0" />
  <testcase classname="org.bluezoo.gonzalez.JamesClarkXmlTestConformanceTest" name="runTest[not-wf-sa-073 (not-wf)]" time="0.0" />
  <testcase classname="org.bluezoo.gonzalez.JamesClarkXmlTestConformanceTest" name="runTest[not-wf-sa-074 (not-wf)]" time="0.003">
    <failure message="[not-wf-sa-074] Expected not-wf but parsed successfully: Internal general parsed entities are only well formed if&#xa;    they match the &quot;content&quot; production." type="junit.framework.AssertionFailedError">junit.framework.AssertionFailedError: [not-wf-sa-074] Expected not-wf but parsed successfully: Internal general parsed entities are only well formed if
    they match the &quot;content&quot; production.
	at org.bluezoo.gonzalez.JamesClarkXmlTestConformanceTest.runTest(JamesClarkXmlTestConformanceTest.java:302)
	at jdk.internal.reflect.GeneratedMethodAccessor1.invoke(Unknown Source)
	at java.base/jdk.internal.reflect.DelegatingMethodAccessorImpl.invoke(DelegatingMethodAccessorImpl.java:43)
</failure>
  </testcase>
  <testcase classname="org.bluezoo.gonzalez.JamesClarkXmlTestConformanceTest" name="runTest[not-wf-sa-075 (not-wf)]" time="0.0" />
  <testcase classname="org.bluezoo.gonzalez.JamesClarkXmlTestConformanceTest" name="runTest[not-wf-sa-076 (not-wf)]" time="0.0" />
  <testcase classname="org.bluezoo.gonzalez.JamesClarkXmlTestConformanceTest" name="runTest[not-wf-sa-077 (not-wf)]" time="0.0" />
  <testcase classname="org.bluezoo.gonzalez.JamesClarkXmlTestConformanceTest" name="runTest[not-wf-sa-078 (not-wf)]" time="0.0" />
  <testcase classname="org.bluezoo.gonzalez.JamesClarkXmlTestConformanceTest" name="runTest[not-wf-sa-079 (not-wf)]" time="0.0" />
  <testcase classname="org.bluezoo.gonzalez.JamesClarkXmlTestConformanceTest" name="runTest[not-wf-sa-080 (not-wf)]" time="0.0" />
  <testcase classname="org.bluezoo.gonzalez.JamesClarkXmlTestConformanceTest" name="runTest[not-wf-sa-081 (not-wf)]" time="0.0" />
  <testcase classname="org.bluezoo.gonzalez.JamesClarkXmlTestConformanceTest" name="runTest[not-wf-sa-082 (not-wf)]" time="0.001" />
  <testcase classname="org.bluezoo.gonzalez.JamesClarkXmlTestConformanceTest" name="runTest[not-wf-sa-083 (not-wf)]" time="0.0" />
  <testcase classname="org.bluezoo.gonzalez.JamesClarkXmlTestConformanceTest" name="runTest[not-wf-sa-084 (not-wf)]" time="0.0" />
  <testcase classname="org.bluezoo.gonzalez.JamesClarkXmlTestConformanceTest" name="runTest[not-wf-sa-085 (not-wf)]" time="0.002" />
  <testcase classname="org.bluezoo.gonzalez.JamesClarkXmlTestConformanceTest" name="runTest[not-wf-sa-086 (not-wf)]" time="0.0" />
  <testcase classname="org.bluezoo.gonzalez.JamesClarkXmlTestConformanceTest" name="runTest[not-wf-sa-087 (not-wf)]" time="0.001" />
  <testcase classname="org.bluezoo.gonzalez.JamesClarkXmlTestConformanceTest" name="runTest[not-wf-sa-088 (not-wf)]" time="0.0" />
  <testcase classname="org.bluezoo.gonzalez.JamesClarkXmlTestConformanceTest" name="runTest[not-wf-sa-089 (not-wf)]" time="0.0" />
  <testcase classname="org.bluezoo.gonzalez.JamesClarkXmlTestConformanceTest" name="runTest[not-wf-sa-090 (not-wf)]" time="0.0" />
  <testcase classname="org.bluezoo.gonzalez.JamesClarkXmlTestConformanceTest" name="runTest[not-wf-sa-091 (not-wf)]" time="0.0" />
  <testcase classname="org.bluezoo.gonzalez.JamesClarkXmlTestConformanceTest" name="runTest[not-wf-sa-092 (not-wf)]" time="0.0" />
  <testcase classname="org.bluezoo.gonzalez.JamesClarkXmlTestConformanceTest" name="runTest[not-wf-sa-093 (not-wf)]" time="0.0" />
  <testcase classname="org.bluezoo.gonzalez.JamesClarkXmlTestConformanceTest" name="runTest[not-wf-sa-094 (not-wf)]" time="0.0" />
  <testcase classname="org.bluezoo.gonzalez.JamesClarkXmlTestConformanceTest" name="runTest[not-wf-sa-095 (not-wf)]" time="0.001" />
  <testcase classname="org.bluezoo.gonzalez.JamesClarkXmlTestConformanceTest" name="runTest[not-wf-sa-096 (not-wf)]" time="0.0" />
  <testcase classname="org.bluezoo.gonzalez.JamesClarkXmlTestConformanceTest" name="runTest[not-wf-sa-097 (not-wf)]" time="0.0" />
  <testcase classname="org.bluezoo.gonzalez.JamesClarkXmlTestConformanceTest" name="runTest[not-wf-sa-098 (not-wf)]" time="0.0" />
  <testcase classname="org.bluezoo.gonzalez.JamesClarkXmlTestConformanceTest" name="runTest[not-wf-sa-099 (not-wf)]" time="0.001" />
  <testcase classname="org.bluezoo.gonzalez.JamesClarkXmlTestConformanceTest" name="runTest[not-wf-sa-100 (not-wf)]" time="0.0" />
  <testcase classname="org.bluezoo.gonzalez.JamesClarkXmlTestConformanceTest" name="runTest[not-wf-sa-101 (not-wf)]" time="0.006" />
  <testcase classname="org.bluezoo.gonzalez.JamesClarkXmlTestConformanceTest" name="runTest[not-wf-sa-102 (not-wf)]" time="0.001" />
  <testcase classname="org.bluezoo.gonzalez.JamesClarkXmlTestConformanceTest" name="runTest[not-wf-sa-103 (not-wf)]" time="0.0" />
  <testcase classname="org.bluezoo.gonzalez.JamesClarkXmlTestConformanceTest" name="runTest[not-wf-sa-104 (not-wf)]" time="0.001">
    <failure message="[not-wf-sa-104] Expected not-wf but parsed successfully: Internal general parsed entities are only well formed if&#xa;    they match the &quot;content&quot; production." type="junit.framework.AssertionFailedError">junit.framework.AssertionFailedError: [not-wf-sa-104] Expected not-wf but parsed successfully: Internal general parsed entities are only well formed if
    they match the &quot;content&quot; production.
	at org.bluezoo.gonzalez.JamesClarkXmlTestConformanceTest.runTest(JamesClarkXmlTestConformanceTest.java:302)
	at jdk.internal.reflect.GeneratedMethodAccessor1.invoke(Unknown Source)
	at java.base/jdk.internal.reflect.DelegatingMethodAccessorImpl.invoke(DelegatingMethodAccessorImpl.java:43)
</failure>
  </testcase>
  <testcase classname="org.bluezoo.gonzalez.JamesClarkXmlTestConformanceTest" name="runTest[not-wf-sa-105 (not-wf)]" time="0.0" />
  <testcase classname="org.bluezoo.gonzalez.JamesClarkXmlTestConformanceTest" name="runTest[not-wf-sa-106 (not-wf)]" time="0.0" />
  <testcase classname="org.bluezoo.gonzalez.JamesClarkXmlTestConformanceTest" name="runTest[not-wf-sa-107 (not-wf)]" time="0.001" />
  <testcase classname="org.bluezoo.gonzalez.JamesClarkXmlTestConformanceTest" name="runTest[not-wf-sa-108 (not-wf)]" time="0.0" />
  <testcase classname="org.bluezoo.gonzalez.JamesClarkXmlTestConformanceTest" name="runTest[not-wf-sa-109 (not-wf)]" time="0.0" />
  <testcase classname="org.bluezoo.gonzalez.JamesClarkXmlTestConformanceTest" name="runTest[not-wf-sa-110 (not-wf)]" time="0.001" />
  <testcase classname="org.bluezoo.gonzalez.JamesClarkXmlTestConformanceTest" name="runTest[not-wf-sa-111 (not-wf)]" time="0.0" />
  <testcase classname="org.bluezoo.gonzalez.JamesClarkXmlTestConformanceTest" name="runTest[not-wf-sa-112 (not-wf)]" time="0.0" />
  <testcase classname="org.bluezoo.gonzalez.JamesClarkXmlTestConformanceTest" name="runTest[not-wf-sa-113 (not-wf)]" time="0.0" />
  <testcase classname="org.bluezoo.gonzalez.JamesClarkXmlTestConformanceTest" name="runTest[not-wf-sa-114 (not-wf)]" time="0.001" />
  <testcase classname="org.bluezoo.gonzalez.JamesClarkXmlTestConformanceTest" name="runTest[not-wf-sa-115 (not-wf)]" time="0.0">
    <failure message="[not-wf-sa-115] Expected not-wf but parsed successfully: The replacement text of this entity is an illegal character&#xa;    reference, which must be rejected when it is parsed in the&#xa;    context of an attribute value." type="junit.framework.AssertionFailedError">junit.framework.AssertionFailedError: [not-wf-sa-115] Expected not-wf but parsed successfully: The replacement text of this entity is an illegal character
    reference, which must be rejected when it is parsed in the
    context of an attribute value.
	at org.bluezoo.gonzalez.JamesClarkXmlTestConformanceTest.runTest(JamesClarkXmlTestConformanceTest.java:302)
	at jdk.internal.reflect.GeneratedMethodAccessor1.invoke(Unknown Source)
	at java.base/jdk.internal.reflect.DelegatingMethodAccessorImpl.invoke(DelegatingMethodAccessorImpl.java:43)
</failure>
  </testcase>
  <testcase classname="org.bluezoo.gonzalez.JamesClarkXmlTestConformanceTest" name="runTest[not-wf-sa-116 (not-wf)]" time="0.001">
    <failure message="[not-wf-sa-116] Expected not-wf but parsed successfully: Internal general parsed entities are only well formed if&#xa;    they match the &quot;content&quot; production.  This is a partial&#xa;    character reference, not a full one." type="junit.framework.AssertionFailedError">junit.framework.AssertionFailedError: [not-wf-sa-116] Expected not-wf but parsed successfully: Internal general parsed entities are only well formed if
    they match the &quot;content&quot; production.  This is a partial
    character reference, not a full one.
	at org.bluezoo.gonzalez.JamesClarkXmlTestConformanceTest.runTest(JamesClarkXmlTestConformanceTest.java:302)
	at jdk.internal.reflect.GeneratedMethodAccessor1.invoke(Unknown Source)
	at java.base/jdk.internal.reflect.DelegatingMethodAccessorImpl.invoke(DelegatingMethodAccessorImpl.java:43)
</failure>
  </testcase>
  <testcase classname="org.bluezoo.gonzalez.JamesClarkXmlTestConformanceTest" name="runTest[not-wf-sa-117 (not-wf)]" time="0.001">
    <failure message="[not-wf-sa-117] Expected not-wf but parsed successfully: Internal general parsed entities are only well formed if&#xa;    they match the &quot;content&quot; production.  This is a partial&#xa;    character reference, not a full one." type="junit.framework.AssertionFailedError">junit.framework.AssertionFailedError: [not-wf-sa-117] Expected not-wf but parsed successfully: Internal general parsed entities are only well formed if
    they match the &quot;content&quot; production.  This is a partial
    character reference, not a full one.
	at org.bluezoo.gonzalez.JamesClarkXmlTestConformanceTest.runTest(JamesClarkXmlTestConformanceTest.java:302)
	at jdk.internal.reflect.GeneratedMethodAccessor1.invoke(Unknown Source)
	at java.base/jdk.internal.reflect.DelegatingMethodAccessorImpl.invoke(DelegatingMethodAccessorImpl.java:43)
</failure>
  </testcase>
  <testcase classname="org.bluezoo.gonzalez.JamesClarkXmlTestConformanceTest" name="runTest[not-wf-sa-118 (not-wf)]" time="0.0" />
  <testcase classname="org.bluezoo.gonzalez.JamesClarkXmlTestConformanceTest" name="runTest[not-wf-sa-119 (not-wf)]" time="0.0">
    <failure message="[not-wf-sa-119] Expected not-wf but parsed successfully: Internal general parsed entities are only well formed if&#xa;    they match the &quot;content&quot; production.  This is a partial&#xa;    character reference, not a full one." type="junit.framework.AssertionFailedError">junit.framework.AssertionFailedError: [not-wf-sa-119] Expected not-wf but parsed successfully: Internal general parsed entities are only well formed if
    they match the &quot;content&quot; production.  This is a partial
    character reference, not a full one.
	at org.bluezoo.gonzalez.JamesClarkXmlTestConformanceTest.runTest(JamesClarkXmlTestConformanceTest.java:302)
	at jdk.internal.reflect.GeneratedMethodAccessor1.invoke(Unknown Source)
	at java.base/jdk.internal.reflect.DelegatingMethodAccessorImpl.invoke(DelegatingMethodAccessorImpl.java:43)
</failure>
  </testcase>
  <testcase classname="org.bluezoo.gonzalez.JamesClarkXmlTestConformanceTest" name="runTest[not-wf-sa-120 (not-wf)]" time="0.001">
    <failure message="[not-wf-sa-120] Expected not-wf but parsed successfully: Character references are expanded in the replacement text of&#xa;    an internal entity, which is then parsed as usual.  Accordingly,&#xa;    &amp; must be doubly quoted - encoded either as &amp;amp;&#xa;    or as &amp;#38;#38;." type="junit.framework.AssertionFailedError">junit.framework.AssertionFailedError: [not-wf-sa-120] Expected not-wf but parsed successfully: Character references are expanded in the replacement text of
    an internal entity, which is then parsed as usual.  Accordingly,
    &amp; must be doubly quoted - encoded either as &amp;amp;
    or as &amp;#38;#38;.
	at org.bluezoo.gonzalez.JamesClarkXmlTestConformanceTest.runTest(JamesClarkXmlTestConformanceTest.java:302)
	at jdk.internal.reflect.GeneratedMethodAccessor1.invoke(Unknown Source)
	at java.base/jdk.internal.reflect.DelegatingMethodAccessorImpl.invoke(DelegatingMethodAccessorImpl.java:43)
</failure>
  </testcase>
  <testcase classname="org.bluezoo.gonzalez.JamesClarkXmlTestConformanceTest" name="runTest[not-wf-sa-121 (not-wf)]" time="0.0" />
  <testcase classname="org.bluezoo.gonzalez.JamesClarkXmlTestConformanceTest" name="runTest[not-wf-sa-122 (not-wf)]" time="0.0" />
  <testcase classname="org.bluezoo.gonzalez.JamesClarkXmlTestConformanceTest" name="runTest[not-wf-sa-123 (not-wf)]" time="0.0" />
  <testcase classname="org.bluezoo.gonzalez.JamesClarkXmlTestConformanceTest" name="runTest[not-wf-sa-124 (not-wf)]" time="0.0" />
  <testcase classname="org.bluezoo.gonzalez.JamesClarkXmlTestConformanceTest" name="runTest[not-wf-sa-125 (not-wf)]" time="0.0" />
  <testcase classname="org.bluezoo.gonzalez.JamesClarkXmlTestConformanceTest" name="runTest[not-wf-sa-126 (not-wf)]" time="0.0" />
  <testcase classname="org.bluezoo.gonzalez.JamesClarkXmlTestConformanceTest" name="runTest[not-wf-sa-127 (not-wf)]" time="0.0" />
  <testcase classname="org.bluezoo.gonzalez.JamesClarkXmlTestConformanceTest" name="runTest[not-wf-sa-128 (not-wf)]" time="0.0" />
  <testcase classname="org.bluezoo.gonzalez.JamesClarkXmlTestConformanceTest" name="runTest[not-wf-sa-129 (not-wf)]" time="0.0" />
  <testcase classname="org.bluezoo.gonzalez.JamesClarkXmlTestConformanceTest" name="runTest[not-wf-sa-130 (not-wf)]" time="0.001" />
  <testcase classname="org.bluezoo.gonzalez.JamesClarkXmlTestConformanceTest" name="runTest[not-wf-sa-131 (not-wf)]" time="0.0" />
  <testcase classname="org.bluezoo.gonzalez.JamesClarkXmlTestConformanceTest" name="runTest[not-wf-sa-132 (not-wf)]" time="0.0" />
  <testcase classname="org.bluezoo.gonzalez.JamesClarkXmlTestConformanceTest" name="runTest[not-wf-sa-133 (not-wf)]" time="0.0" />
  <testcase classname="org.bluezoo.gonzalez.JamesClarkXmlTestConformanceTest" name="runTest[not-wf-sa-134 (not-wf)]" time="0.001" />
  <testcase classname="org.bluezoo.gonzalez.JamesClarkXmlTestConformanceTest" name="runTest[not-wf-sa-135 (not-wf)]" time="0.0" />
  <testcase classname="org.bluezoo.gonzalez.JamesClarkXmlTestConformanceTest" name="runTest[not-wf-sa-136 (not-wf)]" time="0.0" />
  <testcase classname="org.bluezoo.gonzalez.JamesClarkXmlTestConformanceTest" name="runTest[not-wf-sa-137 (not-wf)]" time="0.0" />
  <testcase classname="org.bluezoo.gonzalez.JamesClarkXmlTestConformanceTest" name="runTest[not-wf-sa-138 (not-wf)]" time="0.001" />
  <testcase classname="org.bluezoo.gonzalez.JamesClarkXmlTestConformanceTest" name="runTest[not-wf-sa-139 (not-wf)]" time="0.0" />
  <testcase classname="org.bluezoo.gonzalez.JamesClarkXmlTestConformanceTest" name="runTest[not-wf-sa-140 (not-wf)]" time="0.0" />
  <testcase classname="org.bluezoo.gonzalez.JamesClarkXmlTestConformanceTest" name="runTest[not-wf-sa-141 (not-wf)]" time="0.0" />
  <testcase classname="org.bluezoo.gonzalez.JamesClarkXmlTestConformanceTest" name="runTest[not-wf-sa-142 (not-wf)]" time="0.0" />
  <testcase classname="org.bluezoo.gonzalez.JamesClarkXmlTestConformanceTest" name="runTest[not-wf-sa-143 (not-wf)]" time="0.0" />
  <testcase classname="org.bluezoo.gonzalez.JamesClarkXmlTestConformanceTest" name="runTest[not-wf-sa-144 (not-wf)]" time="0.001" />
  <testcase classname="org.bluezoo.gonzalez.JamesClarkXmlTestConformanceTest" name="runTest[not-wf-sa-145 (not-wf)]" time="0.0" />
  <testcase classname="org.bluezoo.gonzalez.JamesClarkXmlTestConformanceTest" name="runTest[not-wf-sa-146 (not-wf)]" time="0.0" />
  <testcase classname="org.bluezoo.gonzalez.JamesClarkXmlTestConformanceTest" name="runTest[not-wf-sa-147 (not-wf)]" time="0.0" />
  <testcase classname="org.bluezoo.gonzalez.JamesClarkXmlTestConformanceTest" name="runTest[not-wf-sa-148 (not-wf)]" time="0.001" />
  <testcase classname="org.bluezoo.gonzalez.JamesClarkXmlTestConformanceTest" name="runTest[not-wf-sa-149 (not-wf)]" time="0.0" />
  <testcase classname="org.bluezoo.gonzalez.JamesClarkXmlTestConformanceTest" name="runTest[not-wf-sa-150 (not-wf)]" time="0.0" />
  <testcase classname="org.bluezoo.gonzalez.JamesClarkXmlTestConformanceTest" name="runTest[not-wf-sa-151 (not-wf)]" time="0.0" />
  <testcase classname="org.bluezoo.gonzalez.JamesClarkXmlTestConformanceTest" name="runTest[not-wf-sa-152 (not-wf)]" time="0.0" />
  <testcase classname="org.bluezoo.gonzalez.JamesClarkXmlTestConformanceTest" name="runTest[not-wf-sa-153 (not-wf)]" time="0.0" />
  <testcase classname="org.bluezoo.gonzalez.JamesClarkXmlTestConformanceTest" name="runTest[not-wf-sa-154 (not-wf)]" time="0.0" />
  <testcase classname="org.bluezoo.gonzalez.JamesClarkXmlTestConformanceTest" name="runTest[not-wf-sa-155 (not-wf)]" time="0.0" />
  <testcase classname="org.bluezoo.gonzalez.JamesClarkXmlTestConformanceTest" name="runTest[not-wf-sa-156 (not-wf)]" time="0.0" />
  <testcase classname="org.bluezoo.gonzalez.JamesClarkXmlTestConformanceTest" name="runTest[not-wf-sa-157 (not-wf)]" time="0.001" />
  <testcase classname="org.bluezoo.gonzalez.JamesClarkXmlTestConformanceTest" name="runTest[not-wf-sa-158 (not-wf)]" time="0.0" />
  <testcase classname="org.bluezoo.gonzalez.JamesClarkXmlTestConformanceTest" name="runTest[not-wf-sa-159 (not-wf)]" time="0.0" />
  <testcase classname="org.bluezoo.gonzalez.JamesClarkXmlTestConformanceTest" name="runTest[not-wf-sa-160 (not-wf)]" time="0.001">
    <failure message="[not-wf-sa-160] Expected not-wf but parsed successfully: Violates the PEs in Internal Subset WFC&#xa;    by using a PE reference within a declaration." type="junit.framework.AssertionFailedError">junit.framework.AssertionFailedError: [not-wf-sa-160] Expected not-wf but parsed successfully: Violates the PEs in Internal Subset WFC
    by using a PE reference within a declaration.
	at org.bluezoo.gonzalez.JamesClarkXmlTestConformanceTest.runTest(JamesClarkXmlTestConformanceTest.java:302)
	at jdk.internal.reflect.GeneratedMethodAccessor1.invoke(Unknown Source)
	at java.base/jdk.internal.reflect.DelegatingMethodAccessorImpl.invoke(DelegatingMethodAccessorImpl.java:43)
</failure>
  </testcase>
  <testcase classname="org.bluezoo.gonzalez.JamesClarkXmlTestConformanceTest" name="runTest[not-wf-sa-161 (not-wf)]" time="0.0" />
  <testcase classname="org.bluezoo.gonzalez.JamesClarkXmlTestConformanceTest" name="runTest[not-wf-sa-162 (not-wf)]" time="0.0">
    <failure message="[not-wf-sa-162] Expected not-wf but parsed successfully: Violates the PEs in Internal Subset WFC&#xa;    by using a PE reference within a declaration." type="junit.framework.AssertionFailedError">junit.framework.AssertionFailedError: [not-wf-sa-162] Expected not-wf but parsed successfully: Violates the PEs in Internal Subset WFC
    by using a PE reference within a declaration.
	at org.bluezoo.gonzalez.JamesClarkXmlTestConformanceTest.runTest(JamesClarkXmlTestConformanceTest.java:302)
	at jdk.internal.reflect.GeneratedMethodAccessor1.invoke(Unknown Source)
	at java.base/jdk.internal.reflect.DelegatingMethodAccessorImpl.invoke(DelegatingMethodAccessorImpl.java:43)
</failure>
  </testcase>
  <testcase classname="org.bluezoo.gonzalez.JamesClarkXmlTestConformanceTest" name="runTest[not-wf-sa-163 (not-wf)]" time="0.001" />
  <testcase classname="org.bluezoo.gonzalez.JamesClarkXmlTestConformanceTest" name="runTest[not-wf-sa-164 (not-wf)]" time="0.0" />
  <testcase classname="org.bluezoo.gonzalez.JamesClarkXmlTestConformanceTest" name="runTest[not-wf-sa-165 (not-wf)]" time="0.0" />
  <testcase classname="org.bluezoo.gonzalez.JamesClarkXmlTestConformanceTest" name="runTest[not-wf-sa-166 (not-wf)]" time="0.0" />
  <testcase classname="org.bluezoo.gonzalez.JamesClarkXmlTestConformanceTest" name="runTest[not-wf-sa-167 (not-wf)]" time="0.0" />
  <testcase classname="org.bluezoo.gonzalez.JamesClarkXmlTestConformanceTest" name="runTest[not-wf-sa-168 (not-wf)]" time="0.0" />
  <testcase classname="org.bluezoo.gonzalez.JamesClarkXmlTestConformanceTest" name="runTest[not-wf-sa-169 (not-wf)]" time="0.0" />
  <testcase classname="org.bluezoo.gonzalez.JamesClarkXmlTestConformanceTest" name="runTest[not-wf-sa-170 (not-wf)]" time="0.001" />
  <testcase classname="org.bluezoo.gonzalez.JamesClarkXmlTestConformanceTest" name="runTest[not-wf-sa-171 (not-wf)]" time="0.0" />
  <testcase classname="org.bluezoo.gonzalez.JamesClarkXmlTestConformanceTest" name="runTest[not-wf-sa-172 (not-wf)]" time="0.0" />
  <testcase classname="org.bluezoo.gonzalez.JamesClarkXmlTestConformanceTest" name="runTest[not-wf-sa-173 (not-wf)]" time="0.001" />
  <testcase classname="org.bluezoo.gonzalez.JamesClarkXmlTestConformanceTest" name="runTest[not-wf-sa-174 (not-wf)]" time="0.0" />
  <testcase classname="org.bluezoo.gonzalez.JamesClarkXmlTestConformanceTest" name="runTest[not-wf-sa-175 (not-wf)]" time="0.0" />
  <testcase classname="org.bluezoo.gonzalez.JamesClarkXmlTestConformanceTest" name="runTest[not-wf-sa-176 (not-wf)]" time="0.0" />
  <testcase classname="org.bluezoo.gonzalez.JamesClarkXmlTestConformanceTest" name="runTest[not-wf-sa-177 (not-wf)]" time="0.001" />
  <testcase classname="org.bluezoo.gonzalez.JamesClarkXmlTestConformanceTest" name="runTest[not-wf-sa-178 (not-wf)]" time="0.0" />
  <testcase classname="org.bluezoo.gonzalez.JamesClarkXmlTestConformanceTest" name="runTest[not-wf-sa-179 (not-wf)]" time="0.0" />
  <testcase classname="org.bluezoo.gonzalez.JamesClarkXmlTestConformanceTest" name="runTest[not-wf-sa-180 (not-wf)]" time="0.0" />
  <testcase classname="org.bluezoo.gonzalez.JamesClarkXmlTestConformanceTest" name="runTest[not-wf-sa-181 (not-wf)]" time="0.001" />
  <testcase classname="org.bluezoo.gonzalez.JamesClarkXmlTestConformanceTest" name="runTest[not-wf-sa-182 (not-wf)]" time="0.0" />
  <testcase classname="org.bluezoo.gonzalez.JamesClarkXmlTestConformanceTest" name="runTest[not-wf-sa-183 (not-wf)]" time="0.0" />
  <testcase classname="org.bluezoo.gonzalez.JamesClarkXmlTestConformanceTest" name="runTest[not-wf-sa-184 (not-wf)]" time="0.001" />
  <testcase classname="org.bluezoo.gonzalez.JamesClarkXmlTestConformanceTest" name="runTest[not-wf-sa-185 (not-wf)]" time="0.0" />
  <testcase classname="org.bluezoo.gonzalez.JamesClarkXmlTestConformanceTest" name="runTest[not-wf-sa-186 (not-wf)]" time="0.0" />
  <testcase classname="org.bluezoo.gonzalez.JamesClarkXmlTestConformanceTest" name="runTest[not-wf-not-sa-001 (not-wf)]" time="0.001" />
  <testcase classname="org.bluezoo.gonzalez.JamesClarkXmlTestConformanceTest" name="runTest[not-wf-not-sa-002 (not-wf)]" time="0.0" />
  <testcase classname="org.bluezoo.gonzalez.JamesClarkXmlTestConformanceTest" name="runTest[not-wf-not-sa-003 (not-wf)]" time="0.0" />
  <testcase classname="org.bluezoo.gonzalez.JamesClarkXmlTestConformanceTest" name="runTest[not-wf-not-sa-004 (not-wf)]" time="0.001" />
  <testcase classname="org.bluezoo.gonzalez.JamesClarkXmlTestConformanceTest" name="runTest[not-wf-not-sa-005 (error)]" time="0.0">
    <failure message="[not-wf-not-sa-005] null: Tests the Entity Declared VC by referring to an&#xa;    undefined parameter entity within an external entity." type="junit.framework.AssertionFailedError">junit.framework.AssertionFailedError: [not-wf-not-sa-005] null: Tests the Entity Declared VC by referring to an
    undefined parameter entity within an external entity.
	at org.bluezoo.gonzalez.JamesClarkXmlTestConformanceTest.runTest(JamesClarkXmlTestConformanceTest.java:302)
	at jdk.internal.reflect.GeneratedMethodAccessor1.invoke(Unknown Source)
	at java.base/jdk.internal.reflect.DelegatingMethodAccessorImpl.invoke(DelegatingMethodAccessorImpl.java:43)
</failure>
  </testcase>
  <testcase classname="org.bluezoo.gonzalez.JamesClarkXmlTestConformanceTest" name="runTest[not-wf-not-sa-006 (not-wf)]" time="0.001" />
  <testcase classname="org.bluezoo.gonzalez.JamesClarkXmlTestConformanceTest" name="runTest[not-wf-not-sa-007 (not-wf)]" time="0.003">
    <failure message="[not-wf-not-sa-007] NullPointerException: null: A &lt;!DOCTYPE ...&gt; declaration may not begin any external&#xa;    entity; it&apos;s only found once, in the document entity." type="junit.framework.AssertionFailedError">junit.framework.AssertionFailedError: [not-wf-not-sa-007] NullPointerException: null: A &lt;!DOCTYPE ...&gt; declaration may not begin any external
    entity; it&apos;s only found once, in the document entity.
	at org.bluezoo.gonzalez.JamesClarkXmlTestConformanceTest.runTest(JamesClarkXmlTestConformanceTest.java:302)
	at jdk.internal.reflect.GeneratedMethodAccessor1.invoke(Unknown Source)
	at java.base/jdk.internal.reflect.DelegatingMethodAccessorImpl.invoke(DelegatingMethodAccessorImpl.java:43)
</failure>
  </testcase>
  <testcase classname="org.bluezoo.gonzalez.JamesClarkXmlTestConformanceTest" name="runTest[not-wf-not-sa-008 (not-wf)]" time="0.001">
    <failure message="[not-wf-not-sa-008] Expected not-wf but parsed successfully: In DTDs, the &apos;%&apos; character must be part of a parameter&#xa;    entity reference." type="junit.framework.AssertionFailedError">junit.framework.AssertionFailedError: [not-wf-not-sa-008] Expected not-wf but parsed successfully: In DTDs, the &apos;%&apos; character must be part of a parameter
    entity reference.
	at org.bluezoo.gonzalez.JamesClarkXmlTestConformanceTest.runTest(JamesClarkXmlTestConformanceTest.java:302)
	at jdk.internal.reflect.GeneratedMethodAccessor1.invoke(Unknown Source)
	at java.base/jdk.internal.reflect.DelegatingMethodAccessorImpl.invoke(DelegatingMethodAccessorImpl.java:43)
</failure>
  </testcase>
  <testcase classname="org.bluezoo.gonzalez.JamesClarkXmlTestConformanceTest" name="runTest[not-wf-not-sa-009 (not-wf)]" time="0.0" />
  <testcase classname="org.bluezoo.gonzalez.JamesClarkXmlTestConformanceTest" name="runTest[not-wf-ext-sa-001 (not-wf)]" time="0.0" />
  <testcase classname="org.bluezoo.gonzalez.JamesClarkXmlTestConformanceTest" name="runTest[not-wf-ext-sa-002 (not-wf)]" time="0.0" />
  <testcase classname="org.bluezoo.gonzalez.JamesClarkXmlTestConformanceTest" name="runTest[not-wf-ext-sa-003 (not-wf)]" time="0.0" />
  <testcase classname="org.bluezoo.gonzalez.JamesClarkXmlTestConformanceTest" name="runTest[invalid--002 (invalid)]" time="0.001">
    <failure message="[invalid--002] Got fatal error instead of validation error: Empty content model () is not allowed in &lt;!ELEMENT: Tests the &quot;Proper Group/PE Nesting&quot; validity constraint by&#xa;    fragmenting a content model between two parameter entities." type="junit.framework.AssertionFailedError">junit.framework.AssertionFailedError: [invalid--002] Got fatal error instead of validation error: Empty content model () is not allowed in &lt;!ELEMENT: Tests the &quot;Proper Group/PE Nesting&quot; validity constraint by
    fragmenting a content model between two parameter entities.
	at org.bluezoo.gonzalez.JamesClarkXmlTestConformanceTest.runTest(JamesClarkXmlTestConformanceTest.java:302)
	at jdk.internal.reflect.GeneratedMethodAccessor1.invoke(Unknown Source)
	at java.base/jdk.internal.reflect.DelegatingMethodAccessorImpl.invoke(DelegatingMethodAccessorImpl.java:43)
</failure>
  </testcase>
  <testcase classname="org.bluezoo.gonzalez.JamesClarkXmlTestConformanceTest" name="runTest[invalid--005 (invalid)]" time="0.0">
    <failure message="[invalid--005] Got fatal error instead of validation error: Expected &apos;&amp;gt;&apos; to close &amp;lt;!ELEMENT declaration, got: PARAMETERENTITYREF: Tests the &quot;Proper Declaration/PE Nesting&quot; validity constraint by&#xa;    fragmenting an element declaration between two parameter entities." type="junit.framework.AssertionFailedError">junit.framework.AssertionFailedError: [invalid--005] Got fatal error instead of validation error: Expected &apos;&amp;gt;&apos; to close &amp;lt;!ELEMENT declaration, got: PARAMETERENTITYREF: Tests the &quot;Proper Declaration/PE Nesting&quot; validity constraint by
    fragmenting an element declaration between two parameter entities.
	at org.bluezoo.gonzalez.JamesClarkXmlTestConformanceTest.runTest(JamesClarkXmlTestConformanceTest.java:302)
	at jdk.internal.reflect.GeneratedMethodAccessor1.invoke(Unknown Source)
	at java.base/jdk.internal.reflect.DelegatingMethodAccessorImpl.invoke(DelegatingMethodAccessorImpl.java:43)
</failure>
  </testcase>
  <testcase classname="org.bluezoo.gonzalez.JamesClarkXmlTestConformanceTest" name="runTest[invalid--006 (invalid)]" time="0.002" />
  <testcase classname="org.bluezoo.gonzalez.JamesClarkXmlTestConformanceTest" name="runTest[invalid-not-sa-022 (invalid)]" time="0.0">
    <failure message="[invalid-not-sa-022] Got fatal error instead of validation error: Unexpected character &apos; &apos; (WHITESPACE) in DOCTYPE_INTERNAL:SEEN_LT_BANG_OPEN_BRACKET: Test the &quot;Proper Conditional Section/ PE Nesting&quot; validity constraint." type="junit.framework.AssertionFailedError">junit.framework.AssertionFailedError: [invalid-not-sa-022] Got fatal error instead of validation error: Unexpected character &apos; &apos; (WHITESPACE) in DOCTYPE_INTERNAL:SEEN_LT_BANG_OPEN_BRACKET: Test the &quot;Proper Conditional Section/ PE Nesting&quot; validity constraint.
	at org.bluezoo.gonzalez.JamesClarkXmlTestConformanceTest.runTest(JamesClarkXmlTestConformanceTest.java:302)
	at jdk.internal.reflect.GeneratedMethodAccessor1.invoke(Unknown Source)
	at java.base/jdk.internal.reflect.DelegatingMethodAccessorImpl.invoke(DelegatingMethodAccessorImpl.java:43)
</failure>
  </testcase>
  <testcase classname="org.bluezoo.gonzalez.JamesClarkXmlTestConformanceTest" name="runTest[valid-sa-001 (valid)]" time="0.0" />
  <testcase classname="org.bluezoo.gonzalez.JamesClarkXmlTestConformanceTest" name="runTest[valid-sa-002 (valid)]" time="0.001" />
  <testcase classname="org.bluezoo.gonzalez.JamesClarkXmlTestConformanceTest" name="runTest[valid-sa-003 (valid)]" time="0.0" />
  <testcase classname="org.bluezoo.gonzalez.JamesClarkXmlTestConformanceTest" name="runTest[valid-sa-004 (valid)]" time="0.0" />
  <testcase classname="org.bluezoo.gonzalez.JamesClarkXmlTestConformanceTest" name="runTest[valid-sa-005 (valid)]" time="0.001" />
  <testcase classname="org.bluezoo.gonzalez.JamesClarkXmlTestConformanceTest" name="runTest[valid-sa-006 (valid)]" time="0.0" />
  <testcase classname="org.bluezoo.gonzalez.JamesClarkXmlTestConformanceTest" name="runTest[valid-sa-007 (valid)]" time="0.0" />
  <testcase classname="org.bluezoo.gonzalez.JamesClarkXmlTestConformanceTest" name="runTest[valid-sa-008 (valid)]" time="0.0" />
  <testcase classname="org.bluezoo.gonzalez.JamesClarkXmlTestConformanceTest" name="runTest[valid-sa-009 (valid)]" time="0.0" />
  <testcase classname="org.bluezoo.gonzalez.JamesClarkXmlTestConformanceTest" name="runTest[valid-sa-010 (valid)]" time="0.0" />
  <testcase classname="org.bluezoo.gonzalez.JamesClarkXmlTestConformanceTest" name="runTest[valid-sa-011 (valid)]" time="0.0" />
  <testcase classname="org.bluezoo.gonzalez.JamesClarkXmlTestConformanceTest" name="runTest[valid-sa-012 (valid)]" time="0.001">
    <failure message="[valid-sa-012] Expected valid but got error: Unexpected character &apos;:&apos; (CHAR_DATA) in DOCTYPE_INTERNAL:READY: Uses a legal XML 1.0 name consisting of a single colon&#xa;    character (disallowed by the latest XML Namespaces draft)." type="junit.framework.AssertionFailedError">junit.framework.AssertionFailedError: [valid-sa-012] Expected valid but got error: Unexpected character &apos;:&apos; (CHAR_DATA) in DOCTYPE_INTERNAL:READY: Uses a legal XML 1.0 name consisting of a single colon
    character (disallowed by the latest XML Namespaces draft).
	at org.bluezoo.gonzalez.JamesClarkXmlTestConformanceTest.runTest(JamesClarkXmlTestConformanceTest.java:302)
	at jdk.internal.reflect.GeneratedMethodAccessor1.invoke(Unknown Source)
	at java.base/jdk.internal.reflect.DelegatingMethodAccessorImpl.invoke(DelegatingMethodAccessorImpl.java:43)
</failure>
  </testcase>
  <testcase classname="org.bluezoo.gonzalez.JamesClarkXmlTestConformanceTest" name="runTest[valid-sa-013 (valid)]" time="0.0" />
  <testcase classname="org.bluezoo.gonzalez.JamesClarkXmlTestConformanceTest" name="runTest[valid-sa-014 (valid)]" time="0.0" />
  <testcase classname="org.bluezoo.gonzalez.JamesClarkXmlTestConformanceTest" name="runTest[valid-sa-015 (valid)]" time="0.0" />
  <testcase classname="org.bluezoo.gonzalez.JamesClarkXmlTestConformanceTest" name="runTest[valid-sa-016 (valid)]" time="0.001">
    <failure message="[valid-sa-016] Expected valid but got error: Unexpected token in processing instruction: NAME: Test demonstrates that Processing Instructions are valid element content." type="junit.framework.AssertionFailedError">junit.framework.AssertionFailedError: [valid-sa-016] Expected valid but got error: Unexpected token in processing instruction: NAME: Test demonstrates that Processing Instructions are valid element content.
	at org.bluezoo.gonzalez.JamesClarkXmlTestConformanceTest.runTest(JamesClarkXmlTestConformanceTest.java:302)
	at jdk.internal.reflect.GeneratedMethodAccessor1.invoke(Unknown Source)
	at java.base/jdk.internal.reflect.DelegatingMethodAccessorImpl.invoke(DelegatingMethodAccessorImpl.java:43)
</failure>
  </testcase>
  <testcase classname="org.bluezoo.gonzalez.JamesClarkXmlTestConformanceTest" name="runTest[valid-sa-017 (valid)]" time="0.0">
    <failure message="[valid-sa-017] Expected valid but got error: Unclosed processing instruction at end of document: Test demonstrates that Processing Instructions are valid element content and there can be more than one." type="junit.framework.AssertionFailedError">junit.framework.AssertionFailedError: [valid-sa-017] Expected valid but got error: Unclosed processing instruction at end of document: Test demonstrates that Processing Instructions are valid element content and there can be more than one.
	at org.bluezoo.gonzalez.JamesClarkXmlTestConformanceTest.runTest(JamesClarkXmlTestConformanceTest.java:302)
	at jdk.internal.reflect.GeneratedMethodAccessor1.invoke(Unknown Source)
	at java.base/jdk.internal.reflect.DelegatingMethodAccessorImpl.invoke(DelegatingMethodAccessorImpl.java:43)
</failure>
  </testcase>
  <testcase classname="org.bluezoo.gonzalez.JamesClarkXmlTestConformanceTest" name="runTest[valid-sa-018 (valid)]" time="0.0" />
  <testcase classname="org.bluezoo.gonzalez.JamesClarkXmlTestConformanceTest" name="runTest[valid-sa-019 (valid)]" time="0.001" />
  <testcase classname="org.bluezoo.gonzalez.JamesClarkXmlTestConformanceTest" name="runTest[valid-sa-020 (valid)]" time="0.0" />
  <testcase classname="org.bluezoo.gonzalez.JamesClarkXmlTestConformanceTest" name="runTest[valid-sa-021 (valid)]" time="0.0" />
  <testcase classname="org.bluezoo.gonzalez.JamesClarkXmlTestConformanceTest" name="runTest[valid-sa-022 (valid)]" time="0.0" />
  <testcase classname="org.bluezoo.gonzalez.JamesClarkXmlTestConformanceTest" name="runTest[valid-sa-023 (valid)]" time="0.0" />
  <testcase classname="org.bluezoo.gonzalez.JamesClarkXmlTestConformanceTest" name="runTest[valid-sa-024 (valid)]" time="0.001" />
  <testcase classname="org.bluezoo.gonzalez.JamesClarkXmlTestConformanceTest" name="runTest[valid-sa-025 (valid)]" time="0.0" />
  <testcase classname="org.bluezoo.gonzalez.JamesClarkXmlTestConformanceTest" name="runTest[valid-sa-026 (valid)]" time="0.0" />
  <testcase classname="org.bluezoo.gonzalez.JamesClarkXmlTestConformanceTest" name="runTest[valid-sa-027 (valid)]" time="0.0" />
  <testcase classname="org.bluezoo.gonzalez.JamesClarkXmlTestConformanceTest" name="runTest[valid-sa-028 (valid)]" time="0.003" />
  <testcase classname="org.bluezoo.gonzalez.JamesClarkXmlTestConformanceTest" name="runTest[valid-sa-029 (valid)]" time="0.001" />
  <testcase classname="org.bluezoo.gonzalez.JamesClarkXmlTestConformanceTest" name="runTest[valid-sa-030 (valid)]" time="0.0" />
  <testcase classname="org.bluezoo.gonzalez.JamesClarkXmlTestConformanceTest" name="runTest[valid-sa-031 (valid)]" time="0.0" />
  <testcase classname="org.bluezoo.gonzalez.JamesClarkXmlTestConformanceTest" name="runTest[valid-sa-032 (valid)]" time="0.001">
    <failure message="[valid-sa-032] Expected valid but got error: Text declaration in external entity must not have &apos;standalone&apos; attribute: Test demonstrates a valid SDDecl within the prolog." type="junit.framework.AssertionFailedError">junit.framework.AssertionFailedError: [valid-sa-032] Expected valid but got error: Text declaration in external entity must not have &apos;standalone&apos; attribute: Test demonstrates a valid SDDecl within the prolog.
	at org.bluezoo.gonzalez.JamesClarkXmlTestConformanceTest.runTest(JamesClarkXmlTestConformanceTest.java:302)
	at jdk.internal.reflect.GeneratedMethodAccessor1.invoke(Unknown Source)
	at java.base/jdk.internal.reflect.DelegatingMethodAccessorImpl.invoke(DelegatingMethodAccessorImpl.java:43)
</failure>
  </testcase>
  <testcase classname="org.bluezoo.gonzalez.JamesClarkXmlTestConformanceTest" name="runTest[valid-sa-033 (valid)]" time="0.0">
    <failure message="[valid-sa-033] Expected valid but got error: Text declaration in external entity must not have &apos;standalone&apos; attribute: Test demonstrates that both a EncodingDecl and SDDecl are valid within the prolog." type="junit.framework.AssertionFailedError">junit.framework.AssertionFailedError: [valid-sa-033] Expected valid but got error: Text declaration in external entity must not have &apos;standalone&apos; attribute: Test demonstrates that both a EncodingDecl and SDDecl are valid within the prolog.
	at org.bluezoo.gonzalez.JamesClarkXmlTestConformanceTest.runTest(JamesClarkXmlTestConformanceTest.java:302)
	at jdk.internal.reflect.GeneratedMethodAccessor1.invoke(Unknown Source)
	at java.base/jdk.internal.reflect.DelegatingMethodAccessorImpl.invoke(DelegatingMethodAccessorImpl.java:43)
</failure>
  </testcase>
  <testcase classname="org.bluezoo.gonzalez.JamesClarkXmlTestConformanceTest" name="runTest[valid-sa-034 (valid)]" time="0.0" />
  <testcase classname="org.bluezoo.gonzalez.JamesClarkXmlTestConformanceTest" name="runTest[valid-sa-035 (valid)]" time="0.0" />
  <testcase classname="org.bluezoo.gonzalez.JamesClarkXmlTestConformanceTest" name="runTest[valid-sa-036 (valid)]" time="0.001" />
  <testcase classname="org.bluezoo.gonzalez.JamesClarkXmlTestConformanceTest" name="runTest[valid-sa-037 (valid)]" time="0.0" />
  <testcase classname="org.bluezoo.gonzalez.JamesClarkXmlTestConformanceTest" name="runTest[valid-sa-038 (valid)]" time="0.0" />
  <testcase classname="org.bluezoo.gonzalez.JamesClarkXmlTestConformanceTest" name="runTest[valid-sa-039 (valid)]" time="0.0">
    <failure message="[valid-sa-039] Expected valid but got error: Expected &apos;ml&apos; but found mismatch: Test demonstrates a valid processing instruction and that it may appear at the beginning of the document." type="junit.framework.AssertionFailedError">junit.framework.AssertionFailedError: [valid-sa-039] Expected valid but got error: Expected &apos;ml&apos; but found mismatch: Test demonstrates a valid processing instruction and that it may appear at the beginning of the document.
	at org.bluezoo.gonzalez.JamesClarkXmlTestConformanceTest.runTest(JamesClarkXmlTestConformanceTest.java:302)
	at jdk.internal.reflect.GeneratedMethodAccessor1.invoke(Unknown Source)
	at java.base/jdk.internal.reflect.DelegatingMethodAccessorImpl.invoke(DelegatingMethodAccessorImpl.java:43)
</failure>
  </testcase>
  <testcase classname="org.bluezoo.gonzalez.JamesClarkXmlTestConformanceTest" name="runTest[valid-sa-040 (valid)]" time="0.001" />
  <testcase classname="org.bluezoo.gonzalez.JamesClarkXmlTestConformanceTest" name="runTest[valid-sa-041 (valid)]" time="0.0" />
  <testcase classname="org.bluezoo.gonzalez.JamesClarkXmlTestConformanceTest" name="runTest[valid-sa-042 (valid)]" time="0.002" />
  <testcase classname="org.bluezoo.gonzalez.JamesClarkXmlTestConformanceTest" name="runTest[valid-sa-043 (valid)]" time="0.0" />
  <testcase classname="org.bluezoo.gonzalez.JamesClarkXmlTestConformanceTest" name="runTest[valid-sa-044 (valid)]" time="0.0" />
  <testcase classname="org.bluezoo.gonzalez.JamesClarkXmlTestConformanceTest" name="runTest[valid-sa-045 (valid)]" time="0.0" />
  <testcase classname="org.bluezoo.gonzalez.JamesClarkXmlTestConformanceTest" name="runTest[valid-sa-046 (valid)]" time="0.0" />
  <testcase classname="org.bluezoo.gonzalez.JamesClarkXmlTestConformanceTest" name="runTest[valid-sa-047 (valid)]" time="0.0" />
  <testcase classname="org.bluezoo.gonzalez.JamesClarkXmlTestConformanceTest" name="runTest[valid-sa-048 (valid)]" time="0.0" />
  <testcase classname="org.bluezoo.gonzalez.JamesClarkXmlTestConformanceTest" name="runTest[valid-sa-049 (valid)]" time="0.0" />
  <testcase classname="org.bluezoo.gonzalez.JamesClarkXmlTestConformanceTest" name="runTest[valid-sa-050 (valid)]" time="0.001" />
  <testcase classname="org.bluezoo.gonzalez.JamesClarkXmlTestConformanceTest" name="runTest[valid-sa-051 (valid)]" time="0.0" />
  <testcase classname="org.bluezoo.gonzalez.JamesClarkXmlTestConformanceTest" name="runTest[valid-sa-052 (valid)]" time="0.0">
    <failure message="[valid-sa-052] Expected valid but got error: Illegal XML character: 0xD800: The document is encoded in UTF-8 and the text inside the&#xa;    root element uses two non-ASCII characters, encoded in UTF-8&#xa;    and each of which expands to a Unicode surrogate pair." type="junit.framework.AssertionFailedError">junit.framework.AssertionFailedError: [valid-sa-052] Expected valid but got error: Illegal XML character: 0xD800: The document is encoded in UTF-8 and the text inside the
    root element uses two non-ASCII characters, encoded in UTF-8
    and each of which expands to a Unicode surrogate pair.
	at org.bluezoo.gonzalez.JamesClarkXmlTestConformanceTest.runTest(JamesClarkXmlTestConformanceTest.java:302)
	at jdk.internal.reflect.GeneratedMethodAccessor1.invoke(Unknown Source)
	at java.base/jdk.internal.reflect.DelegatingMethodAccessorImpl.invoke(DelegatingMethodAccessorImpl.java:43)
</failure>
  </testcase>
  <testcase classname="org.bluezoo.gonzalez.JamesClarkXmlTestConformanceTest" name="runTest[valid-sa-053 (valid)]" time="0.0" />
  <testcase classname="org.bluezoo.gonzalez.JamesClarkXmlTestConformanceTest" name="runTest[valid-sa-054 (valid)]" time="0.0" />
  <testcase classname="org.bluezoo.gonzalez.JamesClarkXmlTestConformanceTest" name="runTest[valid-sa-055 (valid)]" time="0.0" />
  <testcase classname="org.bluezoo.gonzalez.JamesClarkXmlTestConformanceTest" name="runTest[valid-sa-056 (valid)]" time="0.0" />
  <testcase classname="org.bluezoo.gonzalez.JamesClarkXmlTestConformanceTest" name="runTest[valid-sa-057 (valid)]" time="0.0" />
  <testcase classname="org.bluezoo.gonzalez.JamesClarkXmlTestConformanceTest" name="runTest[valid-sa-058 (valid)]" time="0.0" />
  <testcase classname="org.bluezoo.gonzalez.JamesClarkXmlTestConformanceTest" name="runTest[valid-sa-059 (valid)]" time="0.0" />
  <testcase classname="org.bluezoo.gonzalez.JamesClarkXmlTestConformanceTest" name="runTest[valid-sa-060 (valid)]" time="0.0" />
  <testcase classname="org.bluezoo.gonzalez.JamesClarkXmlTestConformanceTest" name="runTest[valid-sa-061 (valid)]" time="0.0" />
  <testcase classname="org.bluezoo.gonzalez.JamesClarkXmlTestConformanceTest" name="runTest[valid-sa-062 (valid)]" time="0.0">
    <failure message="[valid-sa-062] Expected valid but got error: Unexpected character &apos;e&apos; (NAME_START_CHAR) in CONTENT:SEEN_AMP_HASH_X: Test demonstrates the use of hexadecimal Character References within element." type="junit.framework.AssertionFailedError">junit.framework.AssertionFailedError: [valid-sa-062] Expected valid but got error: Unexpected character &apos;e&apos; (NAME_START_CHAR) in CONTENT:SEEN_AMP_HASH_X: Test demonstrates the use of hexadecimal Character References within element.
	at org.bluezoo.gonzalez.JamesClarkXmlTestConformanceTest.runTest(JamesClarkXmlTestConformanceTest.java:302)
	at jdk.internal.reflect.GeneratedMethodAccessor1.invoke(Unknown Source)
	at java.base/jdk.internal.reflect.DelegatingMethodAccessorImpl.invoke(DelegatingMethodAccessorImpl.java:43)
</failure>
  </testcase>
  <testcase classname="org.bluezoo.gonzalez.JamesClarkXmlTestConformanceTest" name="runTest[valid-sa-063 (valid)]" time="0.001" />
  <testcase classname="org.bluezoo.gonzalez.JamesClarkXmlTestConformanceTest" name="runTest[valid-sa-064 (valid)]" time="0.0" />
  <testcase classname="org.bluezoo.gonzalez.JamesClarkXmlTestConformanceTest" name="runTest[valid-sa-065 (valid)]" time="0.0" />
  <testcase classname="org.bluezoo.gonzalez.JamesClarkXmlTestConformanceTest" name="runTest[valid-sa-066 (valid)]" time="0.0" />
  <testcase classname="org.bluezoo.gonzalez.JamesClarkXmlTestConformanceTest" name="runTest[valid-sa-067 (valid)]" time="0.0" />
  <testcase classname="org.bluezoo.gonzalez.JamesClarkXmlTestConformanceTest" name="runTest[valid-sa-068 (valid)]" time="0.0" />
  <testcase classname="org.bluezoo.gonzalez.JamesClarkXmlTestConformanceTest" name="runTest[valid-sa-069 (valid)]" time="0.001">
    <failure message="[valid-sa-069] Expected valid but got error: Expected SYSTEM or PUBLIC after notation name, got: NAME: Verifies that an XML parser will parse a NOTATION&#xa;    declaration; the output phase of this test ensures that&#xa;    it&apos;s reported to the application." type="junit.framework.AssertionFailedError">junit.framework.AssertionFailedError: [valid-sa-069] Expected valid but got error: Expected SYSTEM or PUBLIC after notation name, got: NAME: Verifies that an XML parser will parse a NOTATION
    declaration; the output phase of this test ensures that
    it&apos;s reported to the application.
	at org.bluezoo.gonzalez.JamesClarkXmlTestConformanceTest.runTest(JamesClarkXmlTestConformanceTest.java:302)
	at jdk.internal.reflect.GeneratedMethodAccessor1.invoke(Unknown Source)
	at java.base/jdk.internal.reflect.DelegatingMethodAccessorImpl.invoke(DelegatingMethodAccessorImpl.java:43)
</failure>
  </testcase>
  <testcase classname="org.bluezoo.gonzalez.JamesClarkXmlTestConformanceTest" name="runTest[valid-sa-070 (valid)]" time="0.0" />
  <testcase classname="org.bluezoo.gonzalez.JamesClarkXmlTestConformanceTest" name="runTest[valid-sa-071 (valid)]" time="0.0" />
  <testcase classname="org.bluezoo.gonzalez.JamesClarkXmlTestConformanceTest" name="runTest[valid-sa-072 (valid)]" time="0.0" />
  <testcase classname="org.bluezoo.gonzalez.JamesClarkXmlTestConformanceTest" name="runTest[valid-sa-073 (valid)]" time="0.0" />
  <testcase classname="org.bluezoo.gonzalez.JamesClarkXmlTestConformanceTest" name="runTest[valid-sa-074 (valid)]" time="0.0" />
  <testcase classname="org.bluezoo.gonzalez.JamesClarkXmlTestConformanceTest" name="runTest[valid-sa-075 (valid)]" time="0.0" />
  <testcase classname="org.bluezoo.gonzalez.JamesClarkXmlTestConformanceTest" name="runTest[valid-sa-076 (valid)]" time="0.0">
    <failure message="[valid-sa-076] Expected valid but got error: Expected SYSTEM or PUBLIC after notation name, got: NAME: Verifies that an XML parser will parse a NOTATION&#xa;    attribute; the output phase of this test ensures that&#xa;    both notations are reported to the application." type="junit.framework.AssertionFailedError">junit.framework.AssertionFailedError: [valid-sa-076] Expected valid but got error: Expected SYSTEM or PUBLIC after notation name, got: NAME: Verifies that an XML parser will parse a NOTATION
    attribute; the output phase of this test ensures that
    both notations are reported to the application.
	at org.bluezoo.gonzalez.JamesClarkXmlTestConformanceTest.runTest(JamesClarkXmlTestConformanceTest.java:302)
	at jdk.internal.reflect.GeneratedMethodAccessor1.invoke(Unknown Source)
	at java.base/jdk.internal.reflect.DelegatingMethodAccessorImpl.invoke(DelegatingMethodAccessorImpl.java:43)
</failure>
  </testcase>
  <testcase classname="org.bluezoo.gonzalez.JamesClarkXmlTestConformanceTest" name="runTest[valid-sa-077 (valid)]" time="0.0">
    <failure message="[valid-sa-077] Expected valid but got error: Unexpected character &apos;1&apos; (DIGIT) in DOCTYPE_INTERNAL:READY: Test demonstrates that an AttlistDecl can use an EnumeratedType within the Attribute type.  The test also shows that IMPLIED is a valid DefaultDecl." type="junit.framework.AssertionFailedError">junit.framework.AssertionFailedError: [valid-sa-077] Expected valid but got error: Unexpected character &apos;1&apos; (DIGIT) in DOCTYPE_INTERNAL:READY: Test demonstrates that an AttlistDecl can use an EnumeratedType within the Attribute type.  The test also shows that IMPLIED is a valid DefaultDecl.
	at org.bluezoo.gonzalez.JamesClarkXmlTestConformanceTest.runTest(JamesClarkXmlTestConformanceTest.java:302)
	at jdk.internal.reflect.GeneratedMethodAccessor1.invoke(Unknown Source)
	at java.base/jdk.internal.reflect.DelegatingMethodAccessorImpl.invoke(DelegatingMethodAccessorImpl.java:43)
</failure>
  </testcase>
  <testcase classname="org.bluezoo.gonzalez.JamesClarkXmlTestConformanceTest" name="runTest[valid-sa-078 (valid)]" time="0.0" />
  <testcase classname="org.bluezoo.gonzalez.JamesClarkXmlTestConformanceTest" name="runTest[valid-sa-079 (valid)]" time="0.001" />
  <testcase classname="org.bluezoo.gonzalez.JamesClarkXmlTestConformanceTest" name="runTest[valid-sa-080 (valid)]" time="0.0" />
  <testcase classname="org.bluezoo.gonzalez.JamesClarkXmlTestConformanceTest" name="runTest[valid-sa-081 (valid)]" time="0.0" />
  <testcase classname="org.bluezoo.gonzalez.JamesClarkXmlTestConformanceTest" name="runTest[valid-sa-082 (valid)]" time="0.0">
    <failure message="[valid-sa-082] Expected valid but got error: Expected quoted value, SYSTEM, or PUBLIC in &lt;!ENTITY, got: NAME: Tests that an external PE may be defined (but not referenced)." type="junit.framework.AssertionFailedError">junit.framework.AssertionFailedError: [valid-sa-082] Expected valid but got error: Expected quoted value, SYSTEM, or PUBLIC in &lt;!ENTITY, got: NAME: Tests that an external PE may be defined (but not referenced).
	at org.bluezoo.gonzalez.JamesClarkXmlTestConformanceTest.runTest(JamesClarkXmlTestConformanceTest.java:302)
	at jdk.internal.reflect.GeneratedMethodAccessor1.invoke(Unknown Source)
	at java.base/jdk.internal.reflect.DelegatingMethodAccessorImpl.invoke(DelegatingMethodAccessorImpl.java:43)
</failure>
  </testcase>
  <testcase classname="org.bluezoo.gonzalez.JamesClarkXmlTestConformanceTest" name="runTest[valid-sa-083 (valid)]" time="0.001">
    <failure message="[valid-sa-083] Expected valid but got error: Expected quoted value, SYSTEM, or PUBLIC in &lt;!ENTITY, got: NAME: Tests that an external PE may be defined (but not referenced)." type="junit.framework.AssertionFailedError">junit.framework.AssertionFailedError: [valid-sa-083] Expected valid but got error: Expected quoted value, SYSTEM, or PUBLIC in &lt;!ENTITY, got: NAME: Tests that an external PE may be defined (but not referenced).
	at org.bluezoo.gonzalez.JamesClarkXmlTestConformanceTest.runTest(JamesClarkXmlTestConformanceTest.java:302)
	at jdk.internal.reflect.GeneratedMethodAccessor1.invoke(Unknown Source)
	at java.base/jdk.internal.reflect.DelegatingMethodAccessorImpl.invoke(DelegatingMethodAccessorImpl.java:43)
</failure>
  </testcase>
  <testcase classname="org.bluezoo.gonzalez.JamesClarkXmlTestConformanceTest" name="runTest[valid-sa-084 (valid)]" time="0.0" />
  <testcase classname="org.bluezoo.gonzalez.JamesClarkXmlTestConformanceTest" name="runTest[valid-sa-085 (valid)]" time="0.0" />
  <testcase classname="org.bluezoo.gonzalez.JamesClarkXmlTestConformanceTest" name="runTest[valid-sa-086 (valid)]" time="0.001">
    <failure message="[valid-sa-086] Expected valid but got error: End tag &lt;/doc&gt; does not match start tag &lt;foo&gt;: Tests whether entities may be declared more than once,&#xa;    with the first declaration being the binding one." type="junit.framework.AssertionFailedError">junit.framework.AssertionFailedError: [valid-sa-086] Expected valid but got error: End tag &lt;/doc&gt; does not match start tag &lt;foo&gt;: Tests whether entities may be declared more than once,
    with the first declaration being the binding one.
	at org.bluezoo.gonzalez.JamesClarkXmlTestConformanceTest.runTest(JamesClarkXmlTestConformanceTest.java:302)
	at jdk.internal.reflect.GeneratedMethodAccessor1.invoke(Unknown Source)
	at java.base/jdk.internal.reflect.DelegatingMethodAccessorImpl.invoke(DelegatingMethodAccessorImpl.java:43)
</failure>
  </testcase>
  <testcase classname="org.bluezoo.gonzalez.JamesClarkXmlTestConformanceTest" name="runTest[valid-sa-087 (valid)]" time="0.0" />
  <testcase classname="org.bluezoo.gonzalez.JamesClarkXmlTestConformanceTest" name="runTest[valid-sa-088 (valid)]" time="0.0">
    <failure message="[valid-sa-088] Expected valid but got error: End tag &lt;/doc&gt; does not match start tag &lt;foo&gt;: Tests whether entity references in internal entities are&#xa;    expanded late enough, by relying on correct handling to&#xa;    make the expanded text be valid.  (If it&apos;s expanded too&#xa;    early, the entity will parse as an element that&apos;s not&#xa;    valid in that context.)" type="junit.framework.AssertionFailedError">junit.framework.AssertionFailedError: [valid-sa-088] Expected valid but got error: End tag &lt;/doc&gt; does not match start tag &lt;foo&gt;: Tests whether entity references in internal entities are
    expanded late enough, by relying on correct handling to
    make the expanded text be valid.  (If it&apos;s expanded too
    early, the entity will parse as an element that&apos;s not
    valid in that context.)
	at org.bluezoo.gonzalez.JamesClarkXmlTestConformanceTest.runTest(JamesClarkXmlTestConformanceTest.java:302)
	at jdk.internal.reflect.GeneratedMethodAccessor1.invoke(Unknown Source)
	at java.base/jdk.internal.reflect.DelegatingMethodAccessorImpl.invoke(DelegatingMethodAccessorImpl.java:43)
</failure>
  </testcase>
  <testcase classname="org.bluezoo.gonzalez.JamesClarkXmlTestConformanceTest" name="runTest[valid-sa-089 (valid)]" time="0.001">
    <failure message="[valid-sa-089] Expected valid but got error: Unexpected character &apos;1&apos; (DIGIT) in DOCTYPE_INTERNAL_QUOTED_QUOT:SEEN_AMP_HASH_X: Tests entity expansion of three legal character references,&#xa;    which each expand to a Unicode surrogate pair." type="junit.framework.AssertionFailedError">junit.framework.AssertionFailedError: [valid-sa-089] Expected valid but got error: Unexpected character &apos;1&apos; (DIGIT) in DOCTYPE_INTERNAL_QUOTED_QUOT:SEEN_AMP_HASH_X: Tests entity expansion of three legal character references,
    which each expand to a Unicode surrogate pair.
	at org.bluezoo.gonzalez.JamesClarkXmlTestConformanceTest.runTest(JamesClarkXmlTestConformanceTest.java:302)
	at jdk.internal.reflect.GeneratedMethodAccessor1.invoke(Unknown Source)
	at java.base/jdk.internal.reflect.DelegatingMethodAccessorImpl.invoke(DelegatingMethodAccessorImpl.java:43)
</failure>
  </testcase>
  <testcase classname="org.bluezoo.gonzalez.JamesClarkXmlTestConformanceTest" name="runTest[valid-sa-090 (valid)]" time="0.0">
    <failure message="[valid-sa-090] Expected valid but got error: Expected SYSTEM or PUBLIC after notation name, got: NAME: Verifies that an XML parser will parse a NOTATION&#xa;    attribute; the output phase of this test ensures that&#xa;    the notation is reported to the application." type="junit.framework.AssertionFailedError">junit.framework.AssertionFailedError: [valid-sa-090] Expected valid but got error: Expected SYSTEM or PUBLIC after notation name, got: NAME: Verifies that an XML parser will parse a NOTATION
    attribute; the output phase of this test ensures that
    the notation is reported to the application.
	at org.bluezoo.gonzalez.JamesClarkXmlTestConformanceTest.runTest(JamesClarkXmlTestConformanceTest.java:302)
	at jdk.internal.reflect.GeneratedMethodAccessor1.invoke(Unknown Source)
	at java.base/jdk.internal.reflect.DelegatingMethodAccessorImpl.invoke(DelegatingMethodAccessorImpl.java:43)
</failure>
  </testcase>
  <testcase classname="org.bluezoo.gonzalez.JamesClarkXmlTestConformanceTest" name="runTest[valid-sa-091 (valid)]" time="0.001">
    <failure message="[valid-sa-091] Expected valid but got error: Expected SYSTEM or PUBLIC after notation name, got: NAME: Verifies that an XML parser will parse an ENTITY&#xa;    attribute; the output phase of this test ensures that&#xa;    the notation is reported to the application, and for&#xa;    validating parsers it further tests that the entity&#xa;    is so reported." type="junit.framework.AssertionFailedError">junit.framework.AssertionFailedError: [valid-sa-091] Expected valid but got error: Expected SYSTEM or PUBLIC after notation name, got: NAME: Verifies that an XML parser will parse an ENTITY
    attribute; the output phase of this test ensures that
    the notation is reported to the application, and for
    validating parsers it further tests that the entity
    is so reported.
	at org.bluezoo.gonzalez.JamesClarkXmlTestConformanceTest.runTest(JamesClarkXmlTestConformanceTest.java:302)
	at jdk.internal.reflect.GeneratedMethodAccessor1.invoke(Unknown Source)
	at java.base/jdk.internal.reflect.DelegatingMethodAccessorImpl.invoke(DelegatingMethodAccessorImpl.java:43)
</failure>
  </testcase>
  <testcase classname="org.bluezoo.gonzalez.JamesClarkXmlTestConformanceTest" name="runTest[valid-sa-092 (valid)]" time="0.0" />
  <testcase classname="org.bluezoo.gonzalez.JamesClarkXmlTestConformanceTest" name="runTest[valid-sa-093 (valid)]" time="0.0" />
  <testcase classname="org.bluezoo.gonzalez.JamesClarkXmlTestConformanceTest" name="runTest[valid-sa-094 (valid)]" time="0.0" />
  <testcase classname="org.bluezoo.gonzalez.JamesClarkXmlTestConformanceTest" name="runTest[valid-sa-095 (valid)]" time="0.001" />
  <testcase classname="org.bluezoo.gonzalez.JamesClarkXmlTestConformanceTest" name="runTest[valid-sa-096 (valid)]" time="0.0" />
  <testcase classname="org.bluezoo.gonzalez.JamesClarkXmlTestConformanceTest" name="runTest[valid-sa-097 (valid)]" time="0.0">
    <failure message="[valid-sa-097] Expected valid but got error: Expected quoted value, SYSTEM, or PUBLIC in &lt;!ENTITY, got: NAME: Basically an output test, this tests whether an externally&#xa;    defined attribute declaration (with a default) takes proper&#xa;    precedence over a subsequent internal declaration." type="junit.framework.AssertionFailedError">junit.framework.AssertionFailedError: [valid-sa-097] Expected valid but got error: Expected quoted value, SYSTEM, or PUBLIC in &lt;!ENTITY, got: NAME: Basically an output test, this tests whether an externally
    defined attribute declaration (with a default) takes proper
    precedence over a subsequent internal declaration.
	at org.bluezoo.gonzalez.JamesClarkXmlTestConformanceTest.runTest(JamesClarkXmlTestConformanceTest.java:302)
	at jdk.internal.reflect.GeneratedMethodAccessor1.invoke(Unknown Source)
	at java.base/jdk.internal.reflect.DelegatingMethodAccessorImpl.invoke(DelegatingMethodAccessorImpl.java:43)
</failure>
  </testcase>
  <testcase classname="org.bluezoo.gonzalez.JamesClarkXmlTestConformanceTest" name="runTest[valid-sa-098 (valid)]" time="0.0" />
  <testcase classname="org.bluezoo.gonzalez.JamesClarkXmlTestConformanceTest" name="runTest[valid-sa-099 (valid)]" time="0.001" />
  <testcase classname="org.bluezoo.gonzalez.JamesClarkXmlTestConformanceTest" name="runTest[valid-sa-100 (valid)]" time="0.0">
    <failure message="[valid-sa-100] Expected valid but got error: Expected quoted value, SYSTEM, or PUBLIC in &lt;!ENTITY, got: NAME: Makes sure that PUBLIC identifiers may have some strange&#xa;    characters.  NOTE:  The XML editors have said that the XML&#xa;    specification errata will specify that parameter entity expansion&#xa;    does not occur in PUBLIC identifiers, so that the &apos;%&apos; character&#xa;    will not flag a malformed parameter entity reference." type="junit.framework.AssertionFailedError">junit.framework.AssertionFailedError: [valid-sa-100] Expected valid but got error: Expected quoted value, SYSTEM, or PUBLIC in &lt;!ENTITY, got: NAME: Makes sure that PUBLIC identifiers may have some strange
    characters.  NOTE:  The XML editors have said that the XML
    specification errata will specify that parameter entity expansion
    does not occur in PUBLIC identifiers, so that the &apos;%&apos; character
    will not flag a malformed parameter entity reference.
	at org.bluezoo.gonzalez.JamesClarkXmlTestConformanceTest.runTest(JamesClarkXmlTestConformanceTest.java:302)
	at jdk.internal.reflect.GeneratedMethodAccessor1.invoke(Unknown Source)
	at java.base/jdk.internal.reflect.DelegatingMethodAccessorImpl.invoke(DelegatingMethodAccessorImpl.java:43)
</failure>
  </testcase>
  <testcase classname="org.bluezoo.gonzalez.JamesClarkXmlTestConformanceTest" name="runTest[valid-sa-101 (valid)]" time="0.0" />
  <testcase classname="org.bluezoo.gonzalez.JamesClarkXmlTestConformanceTest" name="runTest[valid-sa-102 (valid)]" time="0.0" />
  <testcase classname="org.bluezoo.gonzalez.JamesClarkXmlTestConformanceTest" name="runTest[valid-sa-103 (valid)]" time="0.001" />
  <testcase classname="org.bluezoo.gonzalez.JamesClarkXmlTestConformanceTest" name="runTest[valid-sa-104 (valid)]" time="0.0" />
  <testcase classname="org.bluezoo.gonzalez.JamesClarkXmlTestConformanceTest" name="runTest[valid-sa-105 (valid)]" time="0.0" />
  <testcase classname="org.bluezoo.gonzalez.JamesClarkXmlTestConformanceTest" name="runTest[valid-sa-106 (valid)]" time="0.0" />
  <testcase classname="org.bluezoo.gonzalez.JamesClarkXmlTestConformanceTest" name="runTest[valid-sa-107 (valid)]" time="0.0" />
  <testcase classname="org.bluezoo.gonzalez.JamesClarkXmlTestConformanceTest" name="runTest[valid-sa-108 (valid)]" time="0.001" />
  <testcase classname="org.bluezoo.gonzalez.JamesClarkXmlTestConformanceTest" name="runTest[valid-sa-109 (valid)]" time="0.0" />
  <testcase classname="org.bluezoo.gonzalez.JamesClarkXmlTestConformanceTest" name="runTest[valid-sa-110 (valid)]" time="0.0" />
  <testcase classname="org.bluezoo.gonzalez.JamesClarkXmlTestConformanceTest" name="runTest[valid-sa-111 (valid)]" time="0.0" />
  <testcase classname="org.bluezoo.gonzalez.JamesClarkXmlTestConformanceTest" name="runTest[valid-sa-112 (valid)]" time="0.0" />
  <testcase classname="org.bluezoo.gonzalez.JamesClarkXmlTestConformanceTest" name="runTest[valid-sa-113 (valid)]" time="0.001" />
  <testcase classname="org.bluezoo.gonzalez.JamesClarkXmlTestConformanceTest" name="runTest[valid-sa-114 (valid)]" time="0.0">
    <failure message="[valid-sa-114] Expected valid but got error: General entity reference &apos;&amp;foo;&apos; used but entity not declared: Test demonstrates that all text within a valid CDATA section is considered text and not recognized as markup." type="junit.framework.AssertionFailedError">junit.framework.AssertionFailedError: [valid-sa-114] Expected valid but got error: General entity reference &apos;&amp;foo;&apos; used but entity not declared: Test demonstrates that all text within a valid CDATA section is considered text and not recognized as markup.
	at org.bluezoo.gonzalez.JamesClarkXmlTestConformanceTest.runTest(JamesClarkXmlTestConformanceTest.java:302)
	at jdk.internal.reflect.GeneratedMethodAccessor1.invoke(Unknown Source)
	at java.base/jdk.internal.reflect.DelegatingMethodAccessorImpl.invoke(DelegatingMethodAccessorImpl.java:43)
</failure>
  </testcase>
  <testcase classname="org.bluezoo.gonzalez.JamesClarkXmlTestConformanceTest" name="runTest[valid-sa-115 (valid)]" time="0.0" />
  <testcase classname="org.bluezoo.gonzalez.JamesClarkXmlTestConformanceTest" name="runTest[valid-sa-116 (valid)]" time="0.0" />
  <testcase classname="org.bluezoo.gonzalez.JamesClarkXmlTestConformanceTest" name="runTest[valid-sa-117 (valid)]" time="0.001" />
  <testcase classname="org.bluezoo.gonzalez.JamesClarkXmlTestConformanceTest" name="runTest[valid-sa-118 (valid)]" time="0.0" />
  <testcase classname="org.bluezoo.gonzalez.JamesClarkXmlTestConformanceTest" name="runTest[valid-sa-119 (valid)]" time="0.0" />
  <testcase classname="org.bluezoo.gonzalez.JamesClarkXmlTestConformanceTest" name="runTest[valid-not-sa-001 (valid)]" time="0.0" />
  <testcase classname="org.bluezoo.gonzalez.JamesClarkXmlTestConformanceTest" name="runTest[valid-not-sa-002 (valid)]" time="0.001" />
  <testcase classname="org.bluezoo.gonzalez.JamesClarkXmlTestConformanceTest" name="runTest[valid-not-sa-003 (valid)]" time="0.0">
    <failure message="[valid-not-sa-003] Expected valid but got error: Expected quoted value, SYSTEM, or PUBLIC in &lt;!ENTITY, got: NAME: Test demonstrates the expansion of an external parameter entity that declares an attribute." type="junit.framework.AssertionFailedError">junit.framework.AssertionFailedError: [valid-not-sa-003] Expected valid but got error: Expected quoted value, SYSTEM, or PUBLIC in &lt;!ENTITY, got: NAME: Test demonstrates the expansion of an external parameter entity that declares an attribute.
	at org.bluezoo.gonzalez.JamesClarkXmlTestConformanceTest.runTest(JamesClarkXmlTestConformanceTest.java:302)
	at jdk.internal.reflect.GeneratedMethodAccessor1.invoke(Unknown Source)
	at java.base/jdk.internal.reflect.DelegatingMethodAccessorImpl.invoke(DelegatingMethodAccessorImpl.java:43)
</failure>
  </testcase>
  <testcase classname="org.bluezoo.gonzalez.JamesClarkXmlTestConformanceTest" name="runTest[valid-not-sa-004 (valid)]" time="0.001">
    <failure message="[valid-not-sa-004] Expected valid but got error: Expected quoted value, SYSTEM, or PUBLIC in &lt;!ENTITY, got: NAME: Expands an external parameter entity in two different ways,&#xa;    with one of them declaring an attribute." type="junit.framework.AssertionFailedError">junit.framework.AssertionFailedError: [valid-not-sa-004] Expected valid but got error: Expected quoted value, SYSTEM, or PUBLIC in &lt;!ENTITY, got: NAME: Expands an external parameter entity in two different ways,
    with one of them declaring an attribute.
	at org.bluezoo.gonzalez.JamesClarkXmlTestConformanceTest.runTest(JamesClarkXmlTestConformanceTest.java:302)
	at jdk.internal.reflect.GeneratedMethodAccessor1.invoke(Unknown Source)
	at java.base/jdk.internal.reflect.DelegatingMethodAccessorImpl.invoke(DelegatingMethodAccessorImpl.java:43)
</failure>
  </testcase>
  <testcase classname="org.bluezoo.gonzalez.JamesClarkXmlTestConformanceTest" name="runTest[valid-not-sa-005 (valid)]" time="0.0">
    <failure message="[valid-not-sa-005] Expected valid but got error: Expected quoted value, SYSTEM, or PUBLIC in &lt;!ENTITY, got: NAME: Test demonstrates the expansion of an external parameter entity that declares an attribute." type="junit.framework.AssertionFailedError">junit.framework.AssertionFailedError: [valid-not-sa-005] Expected valid but got error: Expected quoted value, SYSTEM, or PUBLIC in &lt;!ENTITY, got: NAME: Test demonstrates the expansion of an external parameter entity that declares an attribute.
	at org.bluezoo.gonzalez.JamesClarkXmlTestConformanceTest.runTest(JamesClarkXmlTestConformanceTest.java:302)
	at jdk.internal.reflect.GeneratedMethodAccessor1.invoke(Unknown Source)
	at java.base/jdk.internal.reflect.DelegatingMethodAccessorImpl.invoke(DelegatingMethodAccessorImpl.java:43)
</failure>
  </testcase>
  <testcase classname="org.bluezoo.gonzalez.JamesClarkXmlTestConformanceTest" name="runTest[valid-not-sa-006 (valid)]" time="0.0" />
  <testcase classname="org.bluezoo.gonzalez.JamesClarkXmlTestConformanceTest" name="runTest[valid-not-sa-007 (valid)]" time="0.001" />
  <testcase classname="org.bluezoo.gonzalez.JamesClarkXmlTestConformanceTest" name="runTest[valid-not-sa-008 (valid)]" time="0.0">
    <failure message="[valid-not-sa-008] Expected valid but got error: Expected whitespace between public ID and system ID: Test demonstrates that an external identifier may include a public identifier." type="junit.framework.AssertionFailedError">junit.framework.AssertionFailedError: [valid-not-sa-008] Expected valid but got error: Expected whitespace between public ID and system ID: Test demonstrates that an external identifier may include a public identifier.
	at org.bluezoo.gonzalez.JamesClarkXmlTestConformanceTest.runTest(JamesClarkXmlTestConformanceTest.java:302)
	at jdk.internal.reflect.GeneratedMethodAccessor1.invoke(Unknown Source)
	at java.base/jdk.internal.reflect.DelegatingMethodAccessorImpl.invoke(DelegatingMethodAccessorImpl.java:43)
</failure>
  </testcase>
  <testcase classname="org.bluezoo.gonzalez.JamesClarkXmlTestConformanceTest" name="runTest[valid-not-sa-009 (valid)]" time="0.0">
    <failure message="[valid-not-sa-009] Expected valid but got error: Expected whitespace between public ID and system ID: Test demonstrates that an external identifier may include a public identifier." type="junit.framework.AssertionFailedError">junit.framework.AssertionFailedError: [valid-not-sa-009] Expected valid but got error: Expected whitespace between public ID and system ID: Test demonstrates that an external identifier may include a public identifier.
	at org.bluezoo.gonzalez.JamesClarkXmlTestConformanceTest.runTest(JamesClarkXmlTestConformanceTest.java:302)
	at jdk.internal.reflect.GeneratedMethodAccessor1.invoke(Unknown Source)
	at java.base/jdk.internal.reflect.DelegatingMethodAccessorImpl.invoke(DelegatingMethodAccessorImpl.java:43)
</failure>
  </testcase>
  <testcase classname="org.bluezoo.gonzalez.JamesClarkXmlTestConformanceTest" name="runTest[valid-not-sa-010 (valid)]" time="0.001" />
  <testcase classname="org.bluezoo.gonzalez.JamesClarkXmlTestConformanceTest" name="runTest[valid-not-sa-011 (valid)]" time="0.0">
[...]
	at org.bluezoo.gonzalez.JamesClarkXmlTestConformanceTest.runTest(JamesClarkXmlTestConformanceTest.java:302)
	at jdk.internal.reflect.GeneratedMethodAccessor1.invoke(Unknown Source)
	at java.base/jdk.internal.reflect.DelegatingMethodAccessorImpl.invoke(DelegatingMethodAccessorImpl.java:43)
</failure>
  </testcase>
  <testcase classname="org.bluezoo.gonzalez.JamesClarkXmlTestConformanceTest" name="runTest[valid-not-sa-027 (valid)]" time="0.0">
    <failure message="[valid-not-sa-027] Expected valid but got error: Unexpected token in &amp;lt;!ELEMENT content model: PARAMETERENTITYREF: Test demonstrates a parameter entity reference whose value is NULL." type="junit.framework.AssertionFailedError">junit.framework.AssertionFailedError: [valid-not-sa-027] Expected valid but got error: Unexpected token in &amp;lt;!ELEMENT content model: PARAMETERENTITYREF: Test demonstrates a parameter entity reference whose value is NULL.
	at org.bluezoo.gonzalez.JamesClarkXmlTestConformanceTest.runTest(JamesClarkXmlTestConformanceTest.java:302)
	at jdk.internal.reflect.GeneratedMethodAccessor1.invoke(Unknown Source)
	at java.base/jdk.internal.reflect.DelegatingMethodAccessorImpl.invoke(DelegatingMethodAccessorImpl.java:43)
</failure>
  </testcase>
  <testcase classname="org.bluezoo.gonzalez.JamesClarkXmlTestConformanceTest" name="runTest[valid-not-sa-028 (valid)]" time="0.001">
    <failure message="[valid-not-sa-028] Expected valid but got error: Unexpected character &apos;[&apos; (OPEN_BRACKET) in DOCTYPE_INTERNAL:READY: Test demonstrates the use of the conditional section INCLUDE that will include its contents." type="junit.framework.AssertionFailedError">junit.framework.AssertionFailedError: [valid-not-sa-028] Expected valid but got error: Unexpected character &apos;[&apos; (OPEN_BRACKET) in DOCTYPE_INTERNAL:READY: Test demonstrates the use of the conditional section INCLUDE that will include its contents.
	at org.bluezoo.gonzalez.JamesClarkXmlTestConformanceTest.runTest(JamesClarkXmlTestConformanceTest.java:302)
	at jdk.internal.reflect.GeneratedMethodAccessor1.invoke(Unknown Source)
	at java.base/jdk.internal.reflect.DelegatingMethodAccessorImpl.invoke(DelegatingMethodAccessorImpl.java:43)
</failure>
  </testcase>
  <testcase classname="org.bluezoo.gonzalez.JamesClarkXmlTestConformanceTest" name="runTest[valid-not-sa-029 (valid)]" time="0.0">
    <failure message="[valid-not-sa-029] Expected valid but got error: Expected INCLUDE, IGNORE, or parameter entity reference in conditional section, got: NAME: Test demonstrates the use of the conditonal section IGNORE the will ignore its content from being used." type="junit.framework.AssertionFailedError">junit.framework.AssertionFailedError: [valid-not-sa-029] Expected valid but got error: Expected INCLUDE, IGNORE, or parameter entity reference in conditional section, got: NAME: Test demonstrates the use of the conditonal section IGNORE the will ignore its content from being used.
	at org.bluezoo.gonzalez.JamesClarkXmlTestConformanceTest.runTest(JamesClarkXmlTestConformanceTest.java:302)
	at jdk.internal.reflect.GeneratedMethodAccessor1.invoke(Unknown Source)
	at java.base/jdk.internal.reflect.DelegatingMethodAccessorImpl.invoke(DelegatingMethodAccessorImpl.java:43)
</failure>
  </testcase>
  <testcase classname="org.bluezoo.gonzalez.JamesClarkXmlTestConformanceTest" name="runTest[valid-not-sa-030 (valid)]" time="0.001">
    <failure message="[valid-not-sa-030] Expected valid but got error: Expected INCLUDE, IGNORE, or parameter entity reference in conditional section, got: NAME: Test demonstrates the use of the conditonal section IGNORE the will ignore its content from being used." type="junit.framework.AssertionFailedError">junit.framework.AssertionFailedError: [valid-not-sa-030] Expected valid but got error: Expected INCLUDE, IGNORE, or parameter entity reference in conditional section, got: NAME: Test demonstrates the use of the conditonal section IGNORE the will ignore its content from being used.
	at org.bluezoo.gonzalez.JamesClarkXmlTestConformanceTest.runTest(JamesClarkXmlTestConformanceTest.java:302)
	at jdk.internal.reflect.GeneratedMethodAccessor1.invoke(Unknown Source)
	at java.base/jdk.internal.reflect.DelegatingMethodAccessorImpl.invoke(DelegatingMethodAccessorImpl.java:43)
</failure>
  </testcase>
  <testcase classname="org.bluezoo.gonzalez.JamesClarkXmlTestConformanceTest" name="runTest[valid-not-sa-031 (valid)]" time="0.0">
    <failure message="[valid-not-sa-031] Expected valid but got error: Expected quoted value, SYSTEM, or PUBLIC in &lt;!ENTITY, got: NAME: Expands a general entity which contains a CDATA section with&#xa;    what looks like a markup declaration (but is just text since&#xa;    it&apos;s in a CDATA section)." type="junit.framework.AssertionFailedError">junit.framework.AssertionFailedError: [valid-not-sa-031] Expected valid but got error: Expected quoted value, SYSTEM, or PUBLIC in &lt;!ENTITY, got: NAME: Expands a general entity which contains a CDATA section with
    what looks like a markup declaration (but is just text since
    it&apos;s in a CDATA section).
	at org.bluezoo.gonzalez.JamesClarkXmlTestConformanceTest.runTest(JamesClarkXmlTestConformanceTest.java:302)
	at jdk.internal.reflect.GeneratedMethodAccessor1.invoke(Unknown Source)
	at java.base/jdk.internal.reflect.DelegatingMethodAccessorImpl.invoke(DelegatingMethodAccessorImpl.java:43)
</failure>
  </testcase>
  <testcase classname="org.bluezoo.gonzalez.JamesClarkXmlTestConformanceTest" name="runTest[valid-ext-sa-001 (valid)]" time="0.0">
    <failure message="[valid-ext-sa-001] Expected valid but got error: Expected quoted value, SYSTEM, or PUBLIC in &lt;!ENTITY, got: NAME: A combination of carriage return line feed in an external entity must&#xa;    be normalized to a single newline." type="junit.framework.AssertionFailedError">junit.framework.AssertionFailedError: [valid-ext-sa-001] Expected valid but got error: Expected quoted value, SYSTEM, or PUBLIC in &lt;!ENTITY, got: NAME: A combination of carriage return line feed in an external entity must
    be normalized to a single newline.
	at org.bluezoo.gonzalez.JamesClarkXmlTestConformanceTest.runTest(JamesClarkXmlTestConformanceTest.java:302)
	at jdk.internal.reflect.GeneratedMethodAccessor1.invoke(Unknown Source)
	at java.base/jdk.internal.reflect.DelegatingMethodAccessorImpl.invoke(DelegatingMethodAccessorImpl.java:43)
</failure>
  </testcase>
  <testcase classname="org.bluezoo.gonzalez.JamesClarkXmlTestConformanceTest" name="runTest[valid-ext-sa-002 (valid)]" time="0.001">
    <failure message="[valid-ext-sa-002] Expected valid but got error: Expected quoted value, SYSTEM, or PUBLIC in &lt;!ENTITY, got: NAME: A carriage return (also CRLF) in an external entity must&#xa;    be normalized to a single newline." type="junit.framework.AssertionFailedError">junit.framework.AssertionFailedError: [valid-ext-sa-002] Expected valid but got error: Expected quoted value, SYSTEM, or PUBLIC in &lt;!ENTITY, got: NAME: A carriage return (also CRLF) in an external entity must
    be normalized to a single newline.
	at org.bluezoo.gonzalez.JamesClarkXmlTestConformanceTest.runTest(JamesClarkXmlTestConformanceTest.java:302)
	at jdk.internal.reflect.GeneratedMethodAccessor1.invoke(Unknown Source)
	at java.base/jdk.internal.reflect.DelegatingMethodAccessorImpl.invoke(DelegatingMethodAccessorImpl.java:43)
</failure>
  </testcase>
  <testcase classname="org.bluezoo.gonzalez.JamesClarkXmlTestConformanceTest" name="runTest[valid-ext-sa-003 (valid)]" time="0.0">
    <failure message="[valid-ext-sa-003] Expected valid but got error: Expected quoted value, SYSTEM, or PUBLIC in &lt;!ENTITY, got: NAME: Test demonstrates that the content of an element can be empty. In this case the external entity is an empty file." type="junit.framework.AssertionFailedError">junit.framework.AssertionFailedError: [valid-ext-sa-003] Expected valid but got error: Expected quoted value, SYSTEM, or PUBLIC in &lt;!ENTITY, got: NAME: Test demonstrates that the content of an element can be empty. In this case the external entity is an empty file.
	at org.bluezoo.gonzalez.JamesClarkXmlTestConformanceTest.runTest(JamesClarkXmlTestConformanceTest.java:302)
	at jdk.internal.reflect.GeneratedMethodAccessor1.invoke(Unknown Source)
	at java.base/jdk.internal.reflect.DelegatingMethodAccessorImpl.invoke(DelegatingMethodAccessorImpl.java:43)
</failure>
  </testcase>
  <testcase classname="org.bluezoo.gonzalez.JamesClarkXmlTestConformanceTest" name="runTest[valid-ext-sa-004 (valid)]" time="0.0">
    <failure message="[valid-ext-sa-004] Expected valid but got error: Expected quoted value, SYSTEM, or PUBLIC in &lt;!ENTITY, got: NAME: A carriage return (also CRLF) in an external entity must&#xa;    be normalized to a single newline." type="junit.framework.AssertionFailedError">junit.framework.AssertionFailedError: [valid-ext-sa-004] Expected valid but got error: Expected quoted value, SYSTEM, or PUBLIC in &lt;!ENTITY, got: NAME: A carriage return (also CRLF) in an external entity must
    be normalized to a single newline.
	at org.bluezoo.gonzalez.JamesClarkXmlTestConformanceTest.runTest(JamesClarkXmlTestConformanceTest.java:302)
	at jdk.internal.reflect.GeneratedMethodAccessor1.invoke(Unknown Source)
	at java.base/jdk.internal.reflect.DelegatingMethodAccessorImpl.invoke(DelegatingMethodAccessorImpl.java:43)
</failure>
  </testcase>
  <testcase classname="org.bluezoo.gonzalez.JamesClarkXmlTestConformanceTest" name="runTest[valid-ext-sa-005 (valid)]" time="0.001">
    <failure message="[valid-ext-sa-005] Expected valid but got error: Expected quoted value, SYSTEM, or PUBLIC in &lt;!ENTITY, got: NAME: Test demonstrates the use of optional character and content particles within an element content.  The test also show the use of external entity." type="junit.framework.AssertionFailedError">junit.framework.AssertionFailedError: [valid-ext-sa-005] Expected valid but got error: Expected quoted value, SYSTEM, or PUBLIC in &lt;!ENTITY, got: NAME: Test demonstrates the use of optional character and content particles within an element content.  The test also show the use of external entity.
	at org.bluezoo.gonzalez.JamesClarkXmlTestConformanceTest.runTest(JamesClarkXmlTestConformanceTest.java:302)
	at jdk.internal.reflect.GeneratedMethodAccessor1.invoke(Unknown Source)
	at java.base/jdk.internal.reflect.DelegatingMethodAccessorImpl.invoke(DelegatingMethodAccessorImpl.java:43)
</failure>
  </testcase>
  <testcase classname="org.bluezoo.gonzalez.JamesClarkXmlTestConformanceTest" name="runTest[valid-ext-sa-006 (valid)]" time="0.0">
    <failure message="[valid-ext-sa-006] Expected valid but got error: Expected quoted value, SYSTEM, or PUBLIC in &lt;!ENTITY, got: NAME: Test demonstrates the use of optional character and content particles within mixed element content.  The test also shows the use of an external entity and that a carriage control line feed in an external entity must be normalized to a single newline." type="junit.framework.AssertionFailedError">junit.framework.AssertionFailedError: [valid-ext-sa-006] Expected valid but got error: Expected quoted value, SYSTEM, or PUBLIC in &lt;!ENTITY, got: NAME: Test demonstrates the use of optional character and content particles within mixed element content.  The test also shows the use of an external entity and that a carriage control line feed in an external entity must be normalized to a single newline.
	at org.bluezoo.gonzalez.JamesClarkXmlTestConformanceTest.runTest(JamesClarkXmlTestConformanceTest.java:302)
	at jdk.internal.reflect.GeneratedMethodAccessor1.invoke(Unknown Source)
	at java.base/jdk.internal.reflect.DelegatingMethodAccessorImpl.invoke(DelegatingMethodAccessorImpl.java:43)
</failure>
  </testcase>
  <testcase classname="org.bluezoo.gonzalez.JamesClarkXmlTestConformanceTest" name="runTest[valid-ext-sa-007 (valid)]" time="0.0">
    <failure message="[valid-ext-sa-007] Expected valid but got error: Expected quoted value, SYSTEM, or PUBLIC in &lt;!ENTITY, got: NAME: Test demonstrates the use of external entity and how replacement &#xa;text is retrieved and processed." type="junit.framework.AssertionFailedError">junit.framework.AssertionFailedError: [valid-ext-sa-007] Expected valid but got error: Expected quoted value, SYSTEM, or PUBLIC in &lt;!ENTITY, got: NAME: Test demonstrates the use of external entity and how replacement 
text is retrieved and processed.
	at org.bluezoo.gonzalez.JamesClarkXmlTestConformanceTest.runTest(JamesClarkXmlTestConformanceTest.java:302)
	at jdk.internal.reflect.GeneratedMethodAccessor1.invoke(Unknown Source)
	at java.base/jdk.internal.reflect.DelegatingMethodAccessorImpl.invoke(DelegatingMethodAccessorImpl.java:43)
</failure>
  </testcase>
  <testcase classname="org.bluezoo.gonzalez.JamesClarkXmlTestConformanceTest" name="runTest[valid-ext-sa-008 (valid)]" time="0.0">
    <failure message="[valid-ext-sa-008] Expected valid but got error: Expected quoted value, SYSTEM, or PUBLIC in &lt;!ENTITY, got: NAME: Test demonstrates the use of external &#xa;entity and how replacement text is retrieved and processed.  Also tests the use of an &#xa;EncodingDecl of UTF-16." type="junit.framework.AssertionFailedError">junit.framework.AssertionFailedError: [valid-ext-sa-008] Expected valid but got error: Expected quoted value, SYSTEM, or PUBLIC in &lt;!ENTITY, got: NAME: Test demonstrates the use of external 
entity and how replacement text is retrieved and processed.  Also tests the use of an 
EncodingDecl of UTF-16.
	at org.bluezoo.gonzalez.JamesClarkXmlTestConformanceTest.runTest(JamesClarkXmlTestConformanceTest.java:302)
	at jdk.internal.reflect.GeneratedMethodAccessor1.invoke(Unknown Source)
	at java.base/jdk.internal.reflect.DelegatingMethodAccessorImpl.invoke(DelegatingMethodAccessorImpl.java:43)
</failure>
  </testcase>
  <testcase classname="org.bluezoo.gonzalez.JamesClarkXmlTestConformanceTest" name="runTest[valid-ext-sa-009 (valid)]" time="0.0">
    <failure message="[valid-ext-sa-009] Expected valid but got error: Expected quoted value, SYSTEM, or PUBLIC in &lt;!ENTITY, got: NAME: A carriage return (also CRLF) in an external entity must&#xa;    be normalized to a single newline." type="junit.framework.AssertionFailedError">junit.framework.AssertionFailedError: [valid-ext-sa-009] Expected valid but got error: Expected quoted value, SYSTEM, or PUBLIC in &lt;!ENTITY, got: NAME: A carriage return (also CRLF) in an external entity must
    be normalized to a single newline.
	at org.bluezoo.gonzalez.JamesClarkXmlTestConformanceTest.runTest(JamesClarkXmlTestConformanceTest.java:302)
	at jdk.internal.reflect.GeneratedMethodAccessor1.invoke(Unknown Source)
	at java.base/jdk.internal.reflect.DelegatingMethodAccessorImpl.invoke(DelegatingMethodAccessorImpl.java:43)
</failure>
  </testcase>
  <testcase classname="org.bluezoo.gonzalez.JamesClarkXmlTestConformanceTest" name="runTest[valid-ext-sa-011 (valid)]" time="0.0">
    <failure message="[valid-ext-sa-011] Expected valid but got error: Expected quoted value, SYSTEM, or PUBLIC in &lt;!ENTITY, got: NAME: Test demonstrates the use of a public identifier with and external entity.  &#xa;The test also show that a carriage control line feed combination in an external &#xa;entity must be normalized to a single newline." type="junit.framework.AssertionFailedError">junit.framework.AssertionFailedError: [valid-ext-sa-011] Expected valid but got error: Expected quoted value, SYSTEM, or PUBLIC in &lt;!ENTITY, got: NAME: Test demonstrates the use of a public identifier with and external entity.  
The test also show that a carriage control line feed combination in an external 
entity must be normalized to a single newline.
	at org.bluezoo.gonzalez.JamesClarkXmlTestConformanceTest.runTest(JamesClarkXmlTestConformanceTest.java:302)
	at jdk.internal.reflect.GeneratedMethodAccessor1.invoke(Unknown Source)
	at java.base/jdk.internal.reflect.DelegatingMethodAccessorImpl.invoke(DelegatingMethodAccessorImpl.java:43)
</failure>
  </testcase>
  <testcase classname="org.bluezoo.gonzalez.JamesClarkXmlTestConformanceTest" name="runTest[valid-ext-sa-012 (valid)]" time="0.0">
    <failure message="[valid-ext-sa-012] Expected valid but got error: Expected quoted value, SYSTEM, or PUBLIC in &lt;!ENTITY, got: NAME: Test demonstrates both internal and external entities and that processing of entity references may be required to produce the correct replacement text." type="junit.framework.AssertionFailedError">junit.framework.AssertionFailedError: [valid-ext-sa-012] Expected valid but got error: Expected quoted value, SYSTEM, or PUBLIC in &lt;!ENTITY, got: NAME: Test demonstrates both internal and external entities and that processing of entity references may be required to produce the correct replacement text.
	at org.bluezoo.gonzalez.JamesClarkXmlTestConformanceTest.runTest(JamesClarkXmlTestConformanceTest.java:302)
	at jdk.internal.reflect.GeneratedMethodAccessor1.invoke(Unknown Source)
	at java.base/jdk.internal.reflect.DelegatingMethodAccessorImpl.invoke(DelegatingMethodAccessorImpl.java:43)
</failure>
  </testcase>
  <testcase classname="org.bluezoo.gonzalez.JamesClarkXmlTestConformanceTest" name="runTest[valid-ext-sa-013 (valid)]" time="0.001">
    <failure message="[valid-ext-sa-013] Expected valid but got error: Expected quoted value, SYSTEM, or PUBLIC in &lt;!ENTITY, got: NAME: Test demonstrates that whitespace is handled by adding a single whitespace to the normalized value in the attribute list." type="junit.framework.AssertionFailedError">junit.framework.AssertionFailedError: [valid-ext-sa-013] Expected valid but got error: Expected quoted value, SYSTEM, or PUBLIC in &lt;!ENTITY, got: NAME: Test demonstrates that whitespace is handled by adding a single whitespace to the normalized value in the attribute list.
	at org.bluezoo.gonzalez.JamesClarkXmlTestConformanceTest.runTest(JamesClarkXmlTestConformanceTest.java:302)
	at jdk.internal.reflect.GeneratedMethodAccessor1.invoke(Unknown Source)
	at java.base/jdk.internal.reflect.DelegatingMethodAccessorImpl.invoke(DelegatingMethodAccessorImpl.java:43)
</failure>
  </testcase>
  <testcase classname="org.bluezoo.gonzalez.JamesClarkXmlTestConformanceTest" name="runTest[valid-ext-sa-014 (valid)]" time="0.0">
    <failure message="[valid-ext-sa-014] Expected valid but got error: Expected quoted value, SYSTEM, or PUBLIC in &lt;!ENTITY, got: NAME: Test demonstrates use of characters outside of normal ASCII range." type="junit.framework.AssertionFailedError">junit.framework.AssertionFailedError: [valid-ext-sa-014] Expected valid but got error: Expected quoted value, SYSTEM, or PUBLIC in &lt;!ENTITY, got: NAME: Test demonstrates use of characters outside of normal ASCII range.
	at org.bluezoo.gonzalez.JamesClarkXmlTestConformanceTest.runTest(JamesClarkXmlTestConformanceTest.java:302)
	at jdk.internal.reflect.GeneratedMethodAccessor1.invoke(Unknown Source)
	at java.base/jdk.internal.reflect.DelegatingMethodAccessorImpl.invoke(DelegatingMethodAccessorImpl.java:43)
</failure>
  </testcase>
  <system-out><![CDATA[Loaded 364 tests from James Clark xmltest suite

=== James Clark xmltest Report ===
Passed: 291 / 364 (79.9%)
Failed: 73 / 364 (20.1%)

Detailed report written to: /Users/cburdess@mimecast.com/cpkb-bluezoo/gonzalez/test/output/james-clark-xmltest-report.txt
]]></system-out>
  <system-err><![CDATA[]]></system-err>
</testsuite>
